        -:    0:Source:schedule2.c
        -:    0:Graph:schedule2.gcno
        -:    0:Data:schedule2.gcda
        -:    0:Runs:1
        -:    0:Programs:1
        -:    1:
        -:    2:/* $Log: schedule.c,v $
        -:    3: * Revision 1.4  1993/05/04  12:23:58  foster
        -:    4: * Debug stuff removed
        -:    5: *
        -:    6: * Revision 1.3  1993/05/03  20:27:04  foster
        -:    7: * Full Functionality
        -:    8: *
        -:    9: * Revision 1.2  1993/05/03  15:41:01  foster
        -:   10: * Restructure functions
        -:   11: *
        -:   12: * Revision 1.1  1993/05/01  11:38:04  foster
        -:   13: * Initial revision
        -:   14: * */
        -:   15:
        -:   16:#include <stdio.h>
        -:   17:#include "schedule2.h"
        -:   18:
        -:   19:static struct process * current_job;
        -:   20:static int next_pid = 0;
        -:   21:
        -:   22:int
function enqueue called 37 returned 100% blocks executed 80%
       37:   23:enqueue(prio, new_process)
        -:   24:     int prio;
        -:   25:     struct process *new_process;
        -:   26:{
        -:   27:    int status;
       37:   28:    if(status = put_end(prio, new_process)) return(status); /* Error */
call    0 returned 37
branch  1 taken 0 (fallthrough)
branch  2 taken 37
       37:   29:    return(reschedule(prio));
call    0 returned 37
        -:   30:}
        -:   31:
        -:   32:struct queue
        -:   33:{
        -:   34:    int length;
        -:   35:    struct process *head;
        -:   36:};
        -:   37:
        -:   38:static struct queue prio_queue[MAXPRIO + 1]; /* blocked queue is [0] */
        -:   39:
        -:   40:
        -:   41:
function main called 1 returned 0% blocks executed 78%
        1:   42:main(argc, argv) /* n3, n2, n1 : # of processes at prio3 ... */
        -:   43:int argc;
        -:   44:char *argv[];
        -:   45:{
        -:   46:    int command, prio;
        -:   47:    float ratio;
        -:   48:    int nprocs, status, pid;
        -:   49:    struct process *process;
        1:   50:    if(argc != MAXPRIO + 1) exit_here(BADNOARGS);
branch  0 taken 0 (fallthrough)
branch  1 taken 1
call    2 never executed
        4:   51:    for(prio = MAXPRIO; prio > 0; prio--)
branch  0 taken 3
branch  1 taken 1 (fallthrough)
        -:   52:    {
        3:   53:	if((nprocs = atoi(argv[MAXPRIO + 1 - prio])) < 0) exit_here(BADARG);
call    0 returned 3
branch  1 taken 0 (fallthrough)
branch  2 taken 3
call    3 never executed
       14:   54:	for(; nprocs > 0; nprocs--)
branch  0 taken 11
branch  1 taken 3 (fallthrough)
        -:   55:	{
       11:   56:	    if(status = new_job(prio)) exit_here(status);
call    0 returned 11
branch  1 taken 0 (fallthrough)
branch  2 taken 11
call    3 never executed
        -:   57:	}
        -:   58:    }
        -:   59:    /* while there are commands, schedule it */
       49:   60:    while((status = get_command(&command, &prio, &ratio)) > 0)
call    0 returned 48
branch  1 taken 47
branch  2 taken 1 (fallthrough)
        -:   61:    {
       47:   62:	schedule(command, prio, ratio);
call    0 returned 47
        -:   63:    }
        1:   64:    if(status < 0) exit_here(status); /* Real bad error */
branch  0 taken 0 (fallthrough)
branch  1 taken 1
call    2 never executed
        1:   65:    exit_here(OK);
call    0 returned 0
        -:   66:}
        -:   67:
        -:   68:int 
function get_command called 48 returned 100% blocks executed 86%
       48:   69:get_command(command, prio, ratio)
        -:   70:    int *command, *prio;
        -:   71:    float *ratio;
        -:   72:{
       48:   73:    int status = OK;
        -:   74:    char buf[CMDSIZE];
       48:   75:    if(fgets(buf, CMDSIZE, stdin))
call    0 returned 48
branch  1 taken 47 (fallthrough)
branch  2 taken 1
        -:   76:    {
       47:   77:	*prio = *command = -1; *ratio =-1.0;
       47:   78:	sscanf(buf, "%d", command);
       47:   79:	switch(*command)
branch  0 taken 9
branch  1 taken 10
branch  2 taken 9
branch  3 taken 19
        -:   80:	{
        9:   81:	  case NEW_JOB :
        9:   82:	    sscanf(buf, "%*s%d", prio);
        9:   83:	    break;
       10:   84:	  case UNBLOCK :
       10:   85:	    sscanf(buf, "%*s%f", ratio);
       10:   86:	    break;
        9:   87:	  case UPGRADE_PRIO :
        9:   88:	    sscanf(buf, "%*s%d%f", prio, ratio);
        9:   89:	    break;
        -:   90:	}
        -:   91:	 /* Find end of  line of input if no EOF */
       47:   92:	while(buf[strlen(buf)-1] != '\n' && fgets(buf, CMDSIZE, stdin));
branch  0 taken 0 (fallthrough)
branch  1 taken 47
call    2 never executed
branch  3 never executed
branch  4 never executed
       47:   93:	return(TRUE);
        -:   94:    }
        1:   95:    else return(FALSE);
        -:   96:}
        -:   97:
function exit_here called 1 returned 0% blocks executed 100%
        1:   98:exit_here(status)
        -:   99:     int status;
        -:  100:{
        1:  101:    exit(abs(status));
        -:  102:}
        -:  103:
        -:  104:
        -:  105:int 
function new_job called 20 returned 100% blocks executed 64%
       20:  106:new_job(prio) /* allocate new pid and process block. Stick at end */
        -:  107:     int prio;
        -:  108:{
       20:  109:    int pid, status = OK;
        -:  110:    struct process *new_process;
       20:  111:    if(prio < 1) return(BADPRIO); /* Mustn't allow 0 */
branch  0 taken 0 (fallthrough)
branch  1 taken 20
       20:  112:    pid = next_pid++;
       20:  113:    new_process = (struct process *) malloc(sizeof(struct process));
       20:  114:    if(!new_process) status = MALLOC_ERR;
branch  0 taken 0 (fallthrough)
branch  1 taken 20
        -:  115:    else
        -:  116:    {
       20:  117:	new_process->pid = pid;
       20:  118:	new_process->priority = prio;
       20:  119:	new_process->next = (struct process *) 0;
       20:  120:	status = enqueue(prio, new_process);
call    0 returned 20
       20:  121:	if(status)
branch  0 taken 0 (fallthrough)
branch  1 taken 20
        -:  122:	{
    #####:  123:	    free(new_process); /* Return process block */
        -:  124:	}
        -:  125:    }
       20:  126:    if(status) next_pid--; /* Unsuccess. Restore pid */
branch  0 taken 0 (fallthrough)
branch  1 taken 20
       20:  127:    return(status);
        -:  128:}
        -:  129:
function upgrade_prio called 9 returned 100% blocks executed 89%
        9:  130:int upgrade_prio(prio, ratio) /* increment priority at ratio in queue */
        -:  131:     int prio;
        -:  132:     float ratio;
        -:  133:{
        -:  134:    int status;
        -:  135:    struct process * job;
        9:  136:    if(prio < 1 || prio > MAXLOPRIO) return(BADPRIO);
branch  0 taken 9 (fallthrough)
branch  1 taken 0
branch  2 taken 0 (fallthrough)
branch  3 taken 9
        9:  137:    if((status = get_process(prio, ratio, &job)) <= 0) return(status);
call    0 returned 9
branch  1 taken 6 (fallthrough)
branch  2 taken 3
        -:  138:    /* We found a job in that queue. Upgrade it */
        3:  139:    job->priority = prio + 1;
        3:  140:    return(enqueue(prio + 1, job));
call    0 returned 3
        -:  141:}
        -:  142:
        -:  143:int
function block called 8 returned 100% blocks executed 100%
        8:  144:block() /* Put current job in blocked queue */
        -:  145:{
        -:  146:    struct process * job;
        8:  147:    job = get_current();
call    0 returned 8
        8:  148:    if(job)
branch  0 taken 5 (fallthrough)
branch  1 taken 3
        -:  149:    {
        5:  150:	current_job = (struct process *)0; /* remove it */
        5:  151:	return(enqueue(BLOCKPRIO, job)); /* put into blocked queue */
call    0 returned 5
        -:  152:    }
        3:  153:    return(OK);
        -:  154:}
        -:  155:
        -:  156:int
function unblock called 10 returned 100% blocks executed 100%
       10:  157:unblock(ratio) /* Restore job @ ratio in blocked queue to its queue */
        -:  158:     float ratio;
        -:  159:{
        -:  160:    int status;
        -:  161:    struct process * job;
       10:  162:    if((status = get_process(BLOCKPRIO, ratio, &job)) <= 0) return(status);
call    0 returned 10
branch  1 taken 5 (fallthrough)
branch  2 taken 5
        -:  163:    /* We found a blocked process. Put it where it belongs. */
        5:  164:    return(enqueue(job->priority, job));
call    0 returned 5
        -:  165:}
        -:  166:
        -:  167:int
function quantum_expire called 5 returned 100% blocks executed 100%
        5:  168:quantum_expire() /* put current job at end of its queue */
        -:  169:{
        -:  170:    struct process * job;
        5:  171:    job = get_current();
call    0 returned 5
        5:  172:    if(job)
branch  0 taken 4 (fallthrough)
branch  1 taken 1
        -:  173:    {
        4:  174:	current_job = (struct process *)0; /* remove it */
        4:  175:	return(enqueue(job->priority, job));
call    0 returned 4
        -:  176:    }
        1:  177:    return(OK);
        -:  178:}
        -:  179:
        -:  180:int
function finish called 25 returned 100% blocks executed 100%
       25:  181:finish() /* Get current job, print it, and zap it. */
        -:  182:{
        -:  183:    struct process * job;
       25:  184:    job = get_current();
call    0 returned 25
       25:  185:    if(job)
branch  0 taken 20 (fallthrough)
branch  1 taken 5
        -:  186:    {
       20:  187:	current_job = (struct process *)0;
       20:  188:	reschedule(0);
call    0 returned 20
       20:  189:	fprintf(stdout, " %d", job->pid);
call    0 returned 20
       20:  190:	free(job);
       20:  191:	return(FALSE);
        -:  192:    }
        5:  193:    else return(TRUE);
        -:  194:}
        -:  195:
        -:  196:int
function flush called 5 returned 100% blocks executed 100%
        5:  197:flush() /* Get all jobs in priority queues & zap them */
        -:  198:{
        5:  199:    while(!finish());
call    0 returned 24
branch  1 taken 19
branch  2 taken 5 (fallthrough)
        5:  200:    fprintf(stdout, "\n");
call    0 returned 5
        5:  201:    return(OK);
        -:  202:}
        -:  203:
        -:  204:struct process * 
function get_current called 95 returned 100% blocks executed 100%
       95:  205:get_current() /* If no current process, get it. Return it */
        -:  206:{
        -:  207:    int prio;
       95:  208:    if(!current_job)
branch  0 taken 44 (fallthrough)
branch  1 taken 51
        -:  209:    {
      106:  210:	for(prio = MAXPRIO; prio > 0; prio--)
branch  0 taken 93
branch  1 taken 13 (fallthrough)
        -:  211:	{ /* find head of highest queue with a process */
       93:  212:	    if(get_process(prio, 0.0, &current_job) > 0) break;
call    0 returned 93
branch  1 taken 31 (fallthrough)
branch  2 taken 62
        -:  213:	}
        -:  214:    }
       95:  215:    return(current_job);
        -:  216:}
        -:  217:
        -:  218:int
function reschedule called 57 returned 100% blocks executed 100%
       57:  219:reschedule(prio) /* Put highest priority job into current_job */
        -:  220:     int prio;
        -:  221:{
       57:  222:    if(current_job && prio > current_job->priority)
branch  0 taken 24 (fallthrough)
branch  1 taken 33
branch  2 taken 2 (fallthrough)
branch  3 taken 22
        -:  223:    {
        2:  224:	put_end(current_job->priority, current_job);
call    0 returned 2
        2:  225:	current_job = (struct process *)0;
        -:  226:    }
       57:  227:    get_current(); /* Reschedule */
call    0 returned 57
       57:  228:    return(OK);
        -:  229:}
        -:  230:
        -:  231:int 
function schedule called 47 returned 100% blocks executed 95%
       47:  232:schedule(command, prio, ratio)
        -:  233:    int command, prio;
        -:  234:    float ratio;
        -:  235:{
       47:  236:    int status = OK;
       47:  237:    switch(command)
branch  0 taken 9
branch  1 taken 5
branch  2 taken 9
branch  3 taken 8
branch  4 taken 10
branch  5 taken 1
branch  6 taken 5
branch  7 taken 0
        -:  238:    {
        9:  239:      case NEW_JOB :
        9:  240:        status = new_job(prio);
call    0 returned 9
        9:  241:	break;
        5:  242:      case QUANTUM_EXPIRE :
        5:  243:        status = quantum_expire();
call    0 returned 5
        5:  244:	break;
        9:  245:      case UPGRADE_PRIO :
        9:  246:        status = upgrade_prio(prio, ratio);
call    0 returned 9
        9:  247:	break;
        8:  248:      case BLOCK :
        8:  249:        status = block();
call    0 returned 8
        8:  250:	break;
       10:  251:      case UNBLOCK :
       10:  252:        status = unblock(ratio);
call    0 returned 10
       10:  253:	break;
        1:  254:      case FINISH :
        1:  255:        finish();
call    0 returned 1
        1:  256:	fprintf(stdout, "\n");
call    0 returned 1
        1:  257:	break;
        5:  258:      case FLUSH :
        5:  259:        status = flush();
call    0 returned 5
        5:  260:	break;
    #####:  261:      default:
    #####:  262:	status = NO_COMMAND;
        -:  263:    }
       47:  264:    return(status);
        -:  265:}
        -:  266:
        -:  267:
        -:  268:
        -:  269:
        -:  270:int 
function put_end called 39 returned 100% blocks executed 88%
       39:  271:put_end(prio, process) /* Put process at end of queue */
        -:  272:     int prio;
        -:  273:     struct process *process;
        -:  274:{
        -:  275:    struct process **next;
       39:  276:    if(prio > MAXPRIO || prio < 0) return(BADPRIO); /* Somebody goofed */
branch  0 taken 39 (fallthrough)
branch  1 taken 0
branch  2 taken 0 (fallthrough)
branch  3 taken 39
        -:  277:     /* find end of queue */
       39:  278:    for(next = &prio_queue[prio].head; *next; next = &(*next)->next);
branch  0 taken 49
branch  1 taken 39 (fallthrough)
       39:  279:    *next = process;
       39:  280:    prio_queue[prio].length++;
       39:  281:    return(OK);
        -:  282:}
        -:  283:
        -:  284:int 
function get_process called 112 returned 100% blocks executed 88%
      112:  285:get_process(prio, ratio, job)
        -:  286:     int prio;
        -:  287:     float ratio;
        -:  288:     struct process ** job;
        -:  289:{
        -:  290:    int length, index;
        -:  291:    struct process **next;
      112:  292:    if(prio > MAXPRIO || prio < 0) return(BADPRIO); /* Somebody goofed */
branch  0 taken 112 (fallthrough)
branch  1 taken 0
branch  2 taken 0 (fallthrough)
branch  3 taken 112
      112:  293:    if(ratio < 0.0 || ratio > 1.0) return(BADRATIO); /* Somebody else goofed */
branch  0 taken 112 (fallthrough)
branch  1 taken 0
branch  2 taken 0 (fallthrough)
branch  3 taken 112
      112:  294:    length = prio_queue[prio].length;
      112:  295:    index = ratio * length;
      112:  296:    index = index >= length ? length -1 : index; /* If ratio == 1.0 */
branch  0 taken 73 (fallthrough)
branch  1 taken 39
      121:  297:    for(next = &prio_queue[prio].head; index && *next; index--)
branch  0 taken 82 (fallthrough)
branch  1 taken 39
branch  2 taken 9
branch  3 taken 73 (fallthrough)
        9:  298:        next = &(*next)->next; /* Count up to it */
      112:  299:    *job = *next;
      112:  300:    if(*job)
branch  0 taken 39 (fallthrough)
branch  1 taken 73
        -:  301:    {
       39:  302:	*next = (*next)->next; /* Mend the chain */
       39:  303:	(*job)->next = (struct process *) 0; /* break this link */
       39:  304:	prio_queue[prio].length--;
       39:  305:	return(TRUE);
        -:  306:    }
       73:  307:    else return(FALSE);
        -:  308:}
