        -:    0:Source:schedule2.c
        -:    0:Graph:schedule2.gcno
        -:    0:Data:schedule2.gcda
        -:    0:Runs:1
        -:    0:Programs:1
        -:    1:
        -:    2:/* $Log: schedule.c,v $
        -:    3: * Revision 1.4  1993/05/04  12:23:58  foster
        -:    4: * Debug stuff removed
        -:    5: *
        -:    6: * Revision 1.3  1993/05/03  20:27:04  foster
        -:    7: * Full Functionality
        -:    8: *
        -:    9: * Revision 1.2  1993/05/03  15:41:01  foster
        -:   10: * Restructure functions
        -:   11: *
        -:   12: * Revision 1.1  1993/05/01  11:38:04  foster
        -:   13: * Initial revision
        -:   14: * */
        -:   15:
        -:   16:#include <stdio.h>
        -:   17:#include "schedule2.h"
        -:   18:
        -:   19:static struct process * current_job;
        -:   20:static int next_pid = 0;
        -:   21:
        -:   22:int
function enqueue called 63 returned 100% blocks executed 80%
       63:   23:enqueue(prio, new_process)
        -:   24:     int prio;
        -:   25:     struct process *new_process;
        -:   26:{
        -:   27:    int status;
       63:   28:    if(status = put_end(prio, new_process)) return(status); /* Error */
call    0 returned 63
branch  1 taken 0 (fallthrough)
branch  2 taken 63
       63:   29:    return(reschedule(prio));
call    0 returned 63
        -:   30:}
        -:   31:
        -:   32:struct queue
        -:   33:{
        -:   34:    int length;
        -:   35:    struct process *head;
        -:   36:};
        -:   37:
        -:   38:static struct queue prio_queue[MAXPRIO + 1]; /* blocked queue is [0] */
        -:   39:
        -:   40:
        -:   41:
function main called 1 returned 0% blocks executed 78%
        1:   42:main(argc, argv) /* n3, n2, n1 : # of processes at prio3 ... */
        -:   43:int argc;
        -:   44:char *argv[];
        -:   45:{
        -:   46:    int command, prio;
        -:   47:    float ratio;
        -:   48:    int nprocs, status, pid;
        -:   49:    struct process *process;
        1:   50:    if(argc != MAXPRIO + 1) exit_here(BADNOARGS);
branch  0 taken 0 (fallthrough)
branch  1 taken 1
call    2 never executed
        4:   51:    for(prio = MAXPRIO; prio > 0; prio--)
branch  0 taken 3
branch  1 taken 1 (fallthrough)
        -:   52:    {
        3:   53:	if((nprocs = atoi(argv[MAXPRIO + 1 - prio])) < 0) exit_here(BADARG);
call    0 returned 3
branch  1 taken 0 (fallthrough)
branch  2 taken 3
call    3 never executed
       20:   54:	for(; nprocs > 0; nprocs--)
branch  0 taken 17
branch  1 taken 3 (fallthrough)
        -:   55:	{
       17:   56:	    if(status = new_job(prio)) exit_here(status);
call    0 returned 17
branch  1 taken 0 (fallthrough)
branch  2 taken 17
call    3 never executed
        -:   57:	}
        -:   58:    }
        -:   59:    /* while there are commands, schedule it */
       93:   60:    while((status = get_command(&command, &prio, &ratio)) > 0)
call    0 returned 92
branch  1 taken 91
branch  2 taken 1 (fallthrough)
        -:   61:    {
       91:   62:	schedule(command, prio, ratio);
call    0 returned 91
        -:   63:    }
        1:   64:    if(status < 0) exit_here(status); /* Real bad error */
branch  0 taken 0 (fallthrough)
branch  1 taken 1
call    2 never executed
        1:   65:    exit_here(OK);
call    0 returned 0
        -:   66:}
        -:   67:
        -:   68:int 
function get_command called 92 returned 100% blocks executed 86%
       92:   69:get_command(command, prio, ratio)
        -:   70:    int *command, *prio;
        -:   71:    float *ratio;
        -:   72:{
       92:   73:    int status = OK;
        -:   74:    char buf[CMDSIZE];
       92:   75:    if(fgets(buf, CMDSIZE, stdin))
call    0 returned 92
branch  1 taken 91 (fallthrough)
branch  2 taken 1
        -:   76:    {
       91:   77:	*prio = *command = -1; *ratio =-1.0;
       91:   78:	sscanf(buf, "%d", command);
       91:   79:	switch(*command)
branch  0 taken 21
branch  1 taken 8
branch  2 taken 15
branch  3 taken 47
        -:   80:	{
       21:   81:	  case NEW_JOB :
       21:   82:	    sscanf(buf, "%*s%d", prio);
       21:   83:	    break;
        8:   84:	  case UNBLOCK :
        8:   85:	    sscanf(buf, "%*s%f", ratio);
        8:   86:	    break;
       15:   87:	  case UPGRADE_PRIO :
       15:   88:	    sscanf(buf, "%*s%d%f", prio, ratio);
       15:   89:	    break;
        -:   90:	}
        -:   91:	 /* Find end of  line of input if no EOF */
       91:   92:	while(buf[strlen(buf)-1] != '\n' && fgets(buf, CMDSIZE, stdin));
branch  0 taken 0 (fallthrough)
branch  1 taken 91
call    2 never executed
branch  3 never executed
branch  4 never executed
       91:   93:	return(TRUE);
        -:   94:    }
        1:   95:    else return(FALSE);
        -:   96:}
        -:   97:
function exit_here called 1 returned 0% blocks executed 100%
        1:   98:exit_here(status)
        -:   99:     int status;
        -:  100:{
        1:  101:    exit(abs(status));
        -:  102:}
        -:  103:
        -:  104:
        -:  105:int 
function new_job called 38 returned 100% blocks executed 67%
       38:  106:new_job(prio) /* allocate new pid and process block. Stick at end */
        -:  107:     int prio;
        -:  108:{
       38:  109:    int pid, status = OK;
        -:  110:    struct process *new_process;
       38:  111:    pid = next_pid++;
       38:  112:    new_process = (struct process *) malloc(sizeof(struct process));
       38:  113:    if(!new_process) status = MALLOC_ERR;
branch  0 taken 0 (fallthrough)
branch  1 taken 38
        -:  114:    else
        -:  115:    {
       38:  116:	new_process->pid = pid;
       38:  117:	new_process->priority = prio;
       38:  118:	new_process->next = (struct process *) 0;
       38:  119:	status = enqueue(prio, new_process);
call    0 returned 38
       38:  120:	if(status)
branch  0 taken 0 (fallthrough)
branch  1 taken 38
        -:  121:	{
    #####:  122:	    free(new_process); /* Return process block */
        -:  123:	}
        -:  124:    }
       38:  125:    if(status) next_pid--; /* Unsuccess. Restore pid */
branch  0 taken 0 (fallthrough)
branch  1 taken 38
       38:  126:    return(status);
        -:  127:}
        -:  128:
function upgrade_prio called 15 returned 100% blocks executed 89%
       15:  129:int upgrade_prio(prio, ratio) /* increment priority at ratio in queue */
        -:  130:     int prio;
        -:  131:     float ratio;
        -:  132:{
        -:  133:    int status;
        -:  134:    struct process * job;
       15:  135:    if(prio < 1 || prio > MAXLOPRIO) return(BADPRIO);
branch  0 taken 15 (fallthrough)
branch  1 taken 0
branch  2 taken 0 (fallthrough)
branch  3 taken 15
       15:  136:    if((status = get_process(prio, ratio, &job)) <= 0) return(status);
call    0 returned 15
branch  1 taken 11 (fallthrough)
branch  2 taken 4
        -:  137:    /* We found a job in that queue. Upgrade it */
        4:  138:    job->priority = prio + 1;
        4:  139:    return(enqueue(prio + 1, job));
call    0 returned 4
        -:  140:}
        -:  141:
        -:  142:int
function block called 10 returned 100% blocks executed 100%
       10:  143:block() /* Put current job in blocked queue */
        -:  144:{
        -:  145:    struct process * job;
       10:  146:    job = get_current();
call    0 returned 10
       10:  147:    if(job)
branch  0 taken 6 (fallthrough)
branch  1 taken 4
        -:  148:    {
        6:  149:	current_job = (struct process *)0; /* remove it */
        6:  150:	return(enqueue(BLOCKPRIO, job)); /* put into blocked queue */
call    0 returned 6
        -:  151:    }
        4:  152:    return(OK);
        -:  153:}
        -:  154:
        -:  155:int
function unblock called 8 returned 100% blocks executed 100%
        8:  156:unblock(ratio) /* Restore job @ ratio in blocked queue to its queue */
        -:  157:     float ratio;
        -:  158:{
        -:  159:    int status;
        -:  160:    struct process * job;
        8:  161:    if((status = get_process(BLOCKPRIO, ratio, &job)) <= 0) return(status);
call    0 returned 8
branch  1 taken 2 (fallthrough)
branch  2 taken 6
        -:  162:    /* We found a blocked process. Put it where it belongs. */
        6:  163:    return(enqueue(job->priority, job));
call    0 returned 6
        -:  164:}
        -:  165:
        -:  166:int
function quantum_expire called 12 returned 100% blocks executed 100%
       12:  167:quantum_expire() /* put current job at end of its queue */
        -:  168:{
        -:  169:    struct process * job;
       12:  170:    job = get_current();
call    0 returned 12
       12:  171:    if(job)
branch  0 taken 9 (fallthrough)
branch  1 taken 3
        -:  172:    {
        9:  173:	current_job = (struct process *)0; /* remove it */
        9:  174:	return(enqueue(job->priority, job));
call    0 returned 9
        -:  175:    }
        3:  176:    return(OK);
        -:  177:}
        -:  178:
        -:  179:int
function finish called 50 returned 100% blocks executed 100%
       50:  180:finish() /* Get current job, print it, and zap it. */
        -:  181:{
        -:  182:    struct process * job;
       50:  183:    job = get_current();
call    0 returned 50
       50:  184:    if(job)
branch  0 taken 37 (fallthrough)
branch  1 taken 13
        -:  185:    {
       37:  186:	current_job = (struct process *)0;
       37:  187:	reschedule(0);
call    0 returned 37
       37:  188:	fprintf(stdout, " %d", job->pid);
call    0 returned 37
       37:  189:	free(job);
       37:  190:	return(FALSE);
        -:  191:    }
       13:  192:    else return(TRUE);
        -:  193:}
        -:  194:
        -:  195:int
function flush called 11 returned 100% blocks executed 100%
       11:  196:flush() /* Get all jobs in priority queues & zap them */
        -:  197:{
       11:  198:    while(!finish());
call    0 returned 36
branch  1 taken 25
branch  2 taken 11 (fallthrough)
       11:  199:    fprintf(stdout, "\n");
call    0 returned 11
       11:  200:    return(OK);
        -:  201:}
        -:  202:
        -:  203:struct process * 
function get_current called 172 returned 100% blocks executed 100%
      172:  204:get_current() /* If no current process, get it. Return it */
        -:  205:{
        -:  206:    int prio;
      172:  207:    if(!current_job)
branch  0 taken 87 (fallthrough)
branch  1 taken 85
        -:  208:    {
      235:  209:	for(prio = MAXPRIO; prio > 0; prio--)
branch  0 taken 203
branch  1 taken 32 (fallthrough)
        -:  210:	{ /* find head of highest queue with a process */
      203:  211:	    if(get_process(prio, 0.0, &current_job) > 0) break;
call    0 returned 203
branch  1 taken 55 (fallthrough)
branch  2 taken 148
        -:  212:	}
        -:  213:    }
      172:  214:    return(current_job);
        -:  215:}
        -:  216:
        -:  217:int
function reschedule called 100 returned 100% blocks executed 100%
      100:  218:reschedule(prio) /* Put highest priority job into current_job */
        -:  219:     int prio;
        -:  220:{
      100:  221:    if(current_job && prio > current_job->priority)
branch  0 taken 35 (fallthrough)
branch  1 taken 65
branch  2 taken 2 (fallthrough)
branch  3 taken 33
        -:  222:    {
        2:  223:	put_end(current_job->priority, current_job);
call    0 returned 2
        2:  224:	current_job = (struct process *)0;
        -:  225:    }
      100:  226:    get_current(); /* Reschedule */
call    0 returned 100
      100:  227:    return(OK);
        -:  228:}
        -:  229:
        -:  230:int 
function schedule called 91 returned 100% blocks executed 95%
       91:  231:schedule(command, prio, ratio)
        -:  232:    int command, prio;
        -:  233:    float ratio;
        -:  234:{
       91:  235:    int status = OK;
       91:  236:    switch(command)
branch  0 taken 21
branch  1 taken 12
branch  2 taken 15
branch  3 taken 10
branch  4 taken 8
branch  5 taken 14
branch  6 taken 11
branch  7 taken 0
        -:  237:    {
       21:  238:      case NEW_JOB :
       21:  239:        status = new_job(prio);
call    0 returned 21
       21:  240:	break;
       12:  241:      case QUANTUM_EXPIRE :
       12:  242:        status = quantum_expire();
call    0 returned 12
       12:  243:	break;
       15:  244:      case UPGRADE_PRIO :
       15:  245:        status = upgrade_prio(prio, ratio);
call    0 returned 15
       15:  246:	break;
       10:  247:      case BLOCK :
       10:  248:        status = block();
call    0 returned 10
       10:  249:	break;
        8:  250:      case UNBLOCK :
        8:  251:        status = unblock(ratio);
call    0 returned 8
        8:  252:	break;
       14:  253:      case FINISH :
       14:  254:        finish();
call    0 returned 14
       14:  255:	fprintf(stdout, "\n");
call    0 returned 14
       14:  256:	break;
       11:  257:      case FLUSH :
       11:  258:        status = flush();
call    0 returned 11
       11:  259:	break;
    #####:  260:      default:
    #####:  261:	status = NO_COMMAND;
        -:  262:    }
       91:  263:    return(status);
        -:  264:}
        -:  265:
        -:  266:
        -:  267:
        -:  268:
        -:  269:int 
function put_end called 65 returned 100% blocks executed 88%
       65:  270:put_end(prio, process) /* Put process at end of queue */
        -:  271:     int prio;
        -:  272:     struct process *process;
        -:  273:{
        -:  274:    struct process **next;
       65:  275:    if(prio > MAXPRIO || prio < 0) return(BADPRIO); /* Somebody goofed */
branch  0 taken 65 (fallthrough)
branch  1 taken 0
branch  2 taken 0 (fallthrough)
branch  3 taken 65
        -:  276:     /* find end of queue */
       65:  277:    for(next = &prio_queue[prio].head; *next; next = &(*next)->next);
branch  0 taken 115
branch  1 taken 65 (fallthrough)
       65:  278:    *next = process;
       65:  279:    prio_queue[prio].length++;
       65:  280:    return(OK);
        -:  281:}
        -:  282:
        -:  283:int 
function get_process called 226 returned 100% blocks executed 88%
      226:  284:get_process(prio, ratio, job)
        -:  285:     int prio;
        -:  286:     float ratio;
        -:  287:     struct process ** job;
        -:  288:{
        -:  289:    int length, index;
        -:  290:    struct process **next;
      226:  291:    if(prio > MAXPRIO || prio < 0) return(BADPRIO); /* Somebody goofed */
branch  0 taken 226 (fallthrough)
branch  1 taken 0
branch  2 taken 0 (fallthrough)
branch  3 taken 226
      226:  292:    if(ratio < 0.0 || ratio >= 1.0) return(BADRATIO); /* Somebody else goofed */
branch  0 taken 226 (fallthrough)
branch  1 taken 0
branch  2 taken 0 (fallthrough)
branch  3 taken 226
        -:  293:    /* operator mutation */
      226:  294:    length = prio_queue[prio].length;
      226:  295:    index = ratio * length;
      226:  296:    index = index >= length ? length -1 : index; /* If ratio == 1.0 */
branch  0 taken 161 (fallthrough)
branch  1 taken 65
      229:  297:    for(next = &prio_queue[prio].head; index && *next; index--)
branch  0 taken 164 (fallthrough)
branch  1 taken 65
branch  2 taken 3
branch  3 taken 161 (fallthrough)
        3:  298:        next = &(*next)->next; /* Count up to it */
      226:  299:    *job = *next;
      226:  300:    if(*job)
branch  0 taken 65 (fallthrough)
branch  1 taken 161
        -:  301:    {
       65:  302:	*next = (*next)->next; /* Mend the chain */
       65:  303:	(*job)->next = (struct process *) 0; /* break this link */
       65:  304:	prio_queue[prio].length--;
       65:  305:	return(TRUE);
        -:  306:    }
      161:  307:    else return(FALSE);
        -:  308:}
