        -:    0:Source:schedule2.c
        -:    0:Graph:schedule2.gcno
        -:    0:Data:schedule2.gcda
        -:    0:Runs:1
        -:    0:Programs:1
        -:    1:
        -:    2:/* $Log: schedule.c,v $
        -:    3: * Revision 1.4  1993/05/04  12:23:58  foster
        -:    4: * Debug stuff removed
        -:    5: *
        -:    6: * Revision 1.3  1993/05/03  20:27:04  foster
        -:    7: * Full Functionality
        -:    8: *
        -:    9: * Revision 1.2  1993/05/03  15:41:01  foster
        -:   10: * Restructure functions
        -:   11: *
        -:   12: * Revision 1.1  1993/05/01  11:38:04  foster
        -:   13: * Initial revision
        -:   14: * */
        -:   15:
        -:   16:#include <stdio.h>
        -:   17:#include "schedule2.h"
        -:   18:
        -:   19:static struct process * current_job;
        -:   20:static int next_pid = 0;
        -:   21:
        -:   22:int
function enqueue called 55 returned 100% blocks executed 80%
       55:   23:enqueue(prio, new_process)
        -:   24:     int prio;
        -:   25:     struct process *new_process;
        -:   26:{
        -:   27:    int status;
       55:   28:    if(status = put_end(prio, new_process)) return(status); /* Error */
call    0 returned 55
branch  1 taken 0 (fallthrough)
branch  2 taken 55
       55:   29:    return(reschedule(prio));
call    0 returned 55
        -:   30:}
        -:   31:
        -:   32:struct queue
        -:   33:{
        -:   34:    int length;
        -:   35:    struct process *head;
        -:   36:};
        -:   37:
        -:   38:static struct queue prio_queue[MAXPRIO + 1]; /* blocked queue is [0] */
        -:   39:
        -:   40:
        -:   41:
function main called 1 returned 0% blocks executed 78%
        1:   42:main(argc, argv) /* n3, n2, n1 : # of processes at prio3 ... */
        -:   43:int argc;
        -:   44:char *argv[];
        -:   45:{
        -:   46:    int command, prio;
        -:   47:    float ratio;
        -:   48:    int nprocs, status, pid;
        -:   49:    struct process *process;
        1:   50:    if(argc != MAXPRIO + 1) exit_here(BADNOARGS);
branch  0 taken 0 (fallthrough)
branch  1 taken 1
call    2 never executed
        4:   51:    for(prio = MAXPRIO; prio > 0; prio--)
branch  0 taken 3
branch  1 taken 1 (fallthrough)
        -:   52:    {
        3:   53:	if((nprocs = atoi(argv[MAXPRIO + 1 - prio])) < 0) exit_here(BADARG);
call    0 returned 3
branch  1 taken 0 (fallthrough)
branch  2 taken 3
call    3 never executed
       16:   54:	for(; nprocs > 0; nprocs--)
branch  0 taken 13
branch  1 taken 3 (fallthrough)
        -:   55:	{
       13:   56:	    if(status = new_job(prio)) exit_here(status);
call    0 returned 13
branch  1 taken 0 (fallthrough)
branch  2 taken 13
call    3 never executed
        -:   57:	}
        -:   58:    }
        -:   59:    /* while there are commands, schedule it */
       96:   60:    while((status = get_command(&command, &prio, &ratio)) > 0)
call    0 returned 95
branch  1 taken 94
branch  2 taken 1 (fallthrough)
        -:   61:    {
       94:   62:	schedule(command, prio, ratio);
call    0 returned 94
        -:   63:    }
        1:   64:    if(status < 0) exit_here(status); /* Real bad error */
branch  0 taken 0 (fallthrough)
branch  1 taken 1
call    2 never executed
        1:   65:    exit_here(OK);
call    0 returned 0
        -:   66:}
        -:   67:
        -:   68:int 
function get_command called 95 returned 100% blocks executed 86%
       95:   69:get_command(command, prio, ratio)
        -:   70:    int *command, *prio;
        -:   71:    float *ratio;
        -:   72:{
       95:   73:    int status = OK;
        -:   74:    char buf[CMDSIZE];
       95:   75:    if(fgets(buf, CMDSIZE, stdin))
call    0 returned 95
branch  1 taken 94 (fallthrough)
branch  2 taken 1
        -:   76:    {
       94:   77:	*prio = *command = -1; *ratio =-1.0;
       94:   78:	sscanf(buf, "%d", command);
       94:   79:	switch(*command)
branch  0 taken 14
branch  1 taken 13
branch  2 taken 20
branch  3 taken 47
        -:   80:	{
       14:   81:	  case NEW_JOB :
       14:   82:	    sscanf(buf, "%*s%d", prio);
       14:   83:	    break;
       13:   84:	  case UNBLOCK :
       13:   85:	    sscanf(buf, "%*s%f", ratio);
       13:   86:	    break;
       20:   87:	  case UPGRADE_PRIO :
       20:   88:	    sscanf(buf, "%*s%d%f", prio, ratio);
       20:   89:	    break;
        -:   90:	}
        -:   91:	 /* Find end of  line of input if no EOF */
       94:   92:	while(buf[strlen(buf)-1] != '\n' && fgets(buf, CMDSIZE, stdin));
branch  0 taken 0 (fallthrough)
branch  1 taken 94
call    2 never executed
branch  3 never executed
branch  4 never executed
       94:   93:	return(TRUE);
        -:   94:    }
        1:   95:    else return(FALSE);
        -:   96:}
        -:   97:
function exit_here called 1 returned 0% blocks executed 100%
        1:   98:exit_here(status)
        -:   99:     int status;
        -:  100:{
        1:  101:    exit(abs(status));
        -:  102:}
        -:  103:
        -:  104:
        -:  105:int 
function new_job called 27 returned 100% blocks executed 64%
       27:  106:new_job(prio) /* allocate new pid and process block. Stick at end */
        -:  107:     int prio;
        -:  108:{
       27:  109:    int pid, status = OK;
        -:  110:    struct process *new_process;
       27:  111:    if(prio < 1) return(BADPRIO); /* Mustn't allow 0 */
branch  0 taken 0 (fallthrough)
branch  1 taken 27
       27:  112:    pid = next_pid++;
       27:  113:    new_process = (struct process *) malloc(sizeof(struct process));
       27:  114:    if(!new_process) status = MALLOC_ERR;
branch  0 taken 0 (fallthrough)
branch  1 taken 27
        -:  115:    else
        -:  116:    {
       27:  117:	new_process->pid = pid;
       27:  118:	new_process->priority = prio;
       27:  119:	new_process->next = (struct process *) 0;
       27:  120:	status = enqueue(prio, new_process);
call    0 returned 27
       27:  121:	if(status)
branch  0 taken 0 (fallthrough)
branch  1 taken 27
        -:  122:	{
    #####:  123:	    free(new_process); /* Return process block */
        -:  124:	}
        -:  125:    }
       27:  126:    if(status) next_pid--; /* Unsuccess. Restore pid */
branch  0 taken 0 (fallthrough)
branch  1 taken 27
       27:  127:    return(status);
        -:  128:}
        -:  129:
function upgrade_prio called 20 returned 100% blocks executed 89%
       20:  130:int upgrade_prio(prio, ratio) /* increment priority at ratio in queue */
        -:  131:     int prio;
        -:  132:     float ratio;
        -:  133:{
        -:  134:    int status;
        -:  135:    struct process * job;
       20:  136:    if(prio < 1 || prio > MAXLOPRIO) return(BADPRIO);
branch  0 taken 20 (fallthrough)
branch  1 taken 0
branch  2 taken 0 (fallthrough)
branch  3 taken 20
       20:  137:    if((status = get_process(prio, ratio, &job)) <= 0) return(status);
call    0 returned 20
branch  1 taken 15 (fallthrough)
branch  2 taken 5
        -:  138:    /* We found a job in that queue. Upgrade it */
        5:  139:    job->priority = prio + 1;
        5:  140:    return(enqueue(prio + 1, job));
call    0 returned 5
        -:  141:}
        -:  142:
        -:  143:int
function block called 14 returned 100% blocks executed 100%
       14:  144:block() /* Put current job in blocked queue */
        -:  145:{
        -:  146:    struct process * job;
       14:  147:    job = get_current();
call    0 returned 14
       14:  148:    if(job)
branch  0 taken 8 (fallthrough)
branch  1 taken 6
        -:  149:    {
        8:  150:	current_job = (struct process *)0; /* remove it */
        8:  151:	return(enqueue(BLOCKPRIO, job)); /* put into blocked queue */
call    0 returned 8
        -:  152:    }
        6:  153:    return(OK);
        -:  154:}
        -:  155:
        -:  156:int
function unblock called 13 returned 100% blocks executed 100%
       13:  157:unblock(ratio) /* Restore job @ ratio in blocked queue to its queue */
        -:  158:     float ratio;
        -:  159:{
        -:  160:    int status;
        -:  161:    struct process * job;
       13:  162:    if((status = get_process(BLOCKPRIO, ratio, &job)) <= 0) return(status);
call    0 returned 13
branch  1 taken 7 (fallthrough)
branch  2 taken 6
        -:  163:    /* We found a blocked process. Put it where it belongs. */
        6:  164:    return(enqueue(job->priority, job));
call    0 returned 6
        -:  165:}
        -:  166:
        -:  167:int
function quantum_expire called 13 returned 100% blocks executed 100%
       13:  168:quantum_expire() /* put current job at end of its queue */
        -:  169:{
        -:  170:    struct process * job;
       13:  171:    job = get_current();
call    0 returned 13
       13:  172:    if(job)
branch  0 taken 9 (fallthrough)
branch  1 taken 4
        -:  173:    {
        9:  174:	current_job = (struct process *)0; /* remove it */
        9:  175:	return(enqueue(job->priority, job));
call    0 returned 9
        -:  176:    }
        4:  177:    return(OK);
        -:  178:}
        -:  179:
        -:  180:int
function finish called 40 returned 100% blocks executed 100%
       40:  181:finish() /* Get current job, print it, and zap it. */
        -:  182:{
        -:  183:    struct process * job;
       40:  184:    job = get_current();
call    0 returned 40
       40:  185:    if(job)
branch  0 taken 25 (fallthrough)
branch  1 taken 15
        -:  186:    {
       25:  187:	current_job = (struct process *)0;
       25:  188:	reschedule(0);
call    0 returned 25
       25:  189:	fprintf(stdout, " %d", job->pid);
call    0 returned 25
       25:  190:	free(job);
       25:  191:	return(FALSE);
        -:  192:    }
       15:  193:    else return(TRUE);
        -:  194:}
        -:  195:
        -:  196:int
function flush called 11 returned 100% blocks executed 100%
       11:  197:flush() /* Get all jobs in priority queues & zap them */
        -:  198:{
       11:  199:    while(!finish());
call    0 returned 31
branch  1 taken 20
branch  2 taken 11 (fallthrough)
       11:  200:    fprintf(stdout, "\n");
call    0 returned 11
       11:  201:    return(OK);
        -:  202:}
        -:  203:
        -:  204:struct process * 
function get_current called 147 returned 100% blocks executed 100%
      147:  205:get_current() /* If no current process, get it. Return it */
        -:  206:{
        -:  207:    int prio;
      147:  208:    if(!current_job)
branch  0 taken 83 (fallthrough)
branch  1 taken 64
        -:  209:    {
      235:  210:	for(prio = MAXPRIO; prio > 0; prio--)
branch  0 taken 197
branch  1 taken 38 (fallthrough)
        -:  211:	{ /* find head of highest queue with a process */
      197:  212:	    if(get_process(prio, 0.0, &current_job) > 0) break;
call    0 returned 197
branch  1 taken 45 (fallthrough)
branch  2 taken 152
        -:  213:	}
        -:  214:    }
      147:  215:    return(current_job);
        -:  216:}
        -:  217:
        -:  218:int
function reschedule called 80 returned 100% blocks executed 100%
       80:  219:reschedule(prio) /* Put highest priority job into current_job */
        -:  220:     int prio;
        -:  221:{
       80:  222:    if(current_job && prio > current_job->priority)
branch  0 taken 25 (fallthrough)
branch  1 taken 55
branch  2 taken 3 (fallthrough)
branch  3 taken 22
        -:  223:    {
        3:  224:	put_end(current_job->priority, current_job);
call    0 returned 3
        3:  225:	current_job = (struct process *)0;
        -:  226:    }
       80:  227:    get_current(); /* Reschedule */
call    0 returned 80
       80:  228:    return(OK);
        -:  229:}
        -:  230:
        -:  231:int 
function schedule called 94 returned 100% blocks executed 95%
       94:  232:schedule(command, prio, ratio)
        -:  233:    int command, prio;
        -:  234:    float ratio;
        -:  235:{
       94:  236:    int status = OK;
       94:  237:    switch(command)
branch  0 taken 14
branch  1 taken 13
branch  2 taken 20
branch  3 taken 14
branch  4 taken 13
branch  5 taken 9
branch  6 taken 11
branch  7 taken 0
        -:  238:    {
       14:  239:      case NEW_JOB :
       14:  240:        status = new_job(prio);
call    0 returned 14
       14:  241:	break;
       13:  242:      case QUANTUM_EXPIRE :
       13:  243:        status = quantum_expire();
call    0 returned 13
       13:  244:	break;
       20:  245:      case UPGRADE_PRIO :
       20:  246:        status = upgrade_prio(prio, ratio);
call    0 returned 20
       20:  247:	break;
       14:  248:      case BLOCK :
       14:  249:        status = block();
call    0 returned 14
       14:  250:	break;
       13:  251:      case UNBLOCK :
       13:  252:        status = unblock(ratio);
call    0 returned 13
       13:  253:	break;
        9:  254:      case FINISH :
        9:  255:        finish();
call    0 returned 9
        9:  256:	fprintf(stdout, "\n");
call    0 returned 9
        9:  257:	break;
       11:  258:      case FLUSH :
       11:  259:        status = flush();
call    0 returned 11
       11:  260:	break;
    #####:  261:      default:
    #####:  262:	status = NO_COMMAND;
        -:  263:    }
       94:  264:    return(status);
        -:  265:}
        -:  266:
        -:  267:
        -:  268:
        -:  269:
        -:  270:int 
function put_end called 58 returned 100% blocks executed 88%
       58:  271:put_end(prio, process) /* Put process at end of queue */
        -:  272:     int prio;
        -:  273:     struct process *process;
        -:  274:{
        -:  275:    struct process **next;
       58:  276:    if(prio > MAXPRIO || prio < 0) return(BADPRIO); /* Somebody goofed */
branch  0 taken 58 (fallthrough)
branch  1 taken 0
branch  2 taken 0 (fallthrough)
branch  3 taken 58
        -:  277:     /* find end of queue */
       58:  278:    for(next = &prio_queue[prio].head; *next; next = &(*next)->next);
branch  0 taken 45
branch  1 taken 58 (fallthrough)
       58:  279:    *next = process;
       58:  280:    prio_queue[prio].length++;
       58:  281:    return(OK);
        -:  282:}
        -:  283:
        -:  284:int 
function get_process called 230 returned 100% blocks executed 88%
      230:  285:get_process(prio, ratio, job)
        -:  286:     int prio;
        -:  287:     float ratio;
        -:  288:     struct process ** job;
        -:  289:{
        -:  290:    int length, index;
        -:  291:    struct process **next;
      230:  292:    if(prio > MAXPRIO || prio < 0) return(BADPRIO); /* Somebody goofed */
branch  0 taken 230 (fallthrough)
branch  1 taken 0
branch  2 taken 0 (fallthrough)
branch  3 taken 230
      230:  293:    if(ratio < 0.0 || ratio > 1.0) return(BADRATIO); /* Somebody else goofed */
branch  0 taken 230 (fallthrough)
branch  1 taken 0
branch  2 taken 0 (fallthrough)
branch  3 taken 230
      230:  294:    length = prio_queue[prio].length;
      230:  295:    index = ratio * length;
      230:  296:    index = index >= length ? length -1 : index; /* If ratio == 1.0 */
branch  0 taken 174 (fallthrough)
branch  1 taken 56
      239:  297:    for(next = &prio_queue[prio].head; index && *next; index--)
branch  0 taken 183 (fallthrough)
branch  1 taken 56
branch  2 taken 9
branch  3 taken 174 (fallthrough)
        9:  298:        next = &(*next)->next; /* Count up to it */
      230:  299:    *job = *next;
      230:  300:    if(*job)
branch  0 taken 56 (fallthrough)
branch  1 taken 174
        -:  301:    {
       56:  302:	*next = (*next)->next; /* Mend the chain */
       56:  303:	(*job)->next = (struct process *) 0; /* break this link */
       56:  304:	prio_queue[prio].length--;
       56:  305:	return(TRUE);
        -:  306:    }
      174:  307:    else return(FALSE);
        -:  308:}
