        -:    0:Source:schedule2.c
        -:    0:Graph:schedule2.gcno
        -:    0:Data:schedule2.gcda
        -:    0:Runs:1
        -:    0:Programs:1
        -:    1:
        -:    2:/* $Log: schedule.c,v $
        -:    3: * Revision 1.4  1993/05/04  12:23:58  foster
        -:    4: * Debug stuff removed
        -:    5: *
        -:    6: * Revision 1.3  1993/05/03  20:27:04  foster
        -:    7: * Full Functionality
        -:    8: *
        -:    9: * Revision 1.2  1993/05/03  15:41:01  foster
        -:   10: * Restructure functions
        -:   11: *
        -:   12: * Revision 1.1  1993/05/01  11:38:04  foster
        -:   13: * Initial revision
        -:   14: * */
        -:   15:
        -:   16:#include <stdio.h>
        -:   17:#include "schedule2.h"
        -:   18:
        -:   19:static struct process * current_job;
        -:   20:static int next_pid = 0;
        -:   21:
        -:   22:int
function enqueue called 36 returned 100% blocks executed 80%
       36:   23:enqueue(prio, new_process)
        -:   24:     int prio;
        -:   25:     struct process *new_process;
        -:   26:{
        -:   27:    int status;
       36:   28:    if(status = put_end(prio, new_process)) return(status); /* Error */
call    0 returned 36
branch  1 taken 0 (fallthrough)
branch  2 taken 36
       36:   29:    return(reschedule(prio));
call    0 returned 36
        -:   30:}
        -:   31:
        -:   32:struct queue
        -:   33:{
        -:   34:    int length;
        -:   35:    struct process *head;
        -:   36:};
        -:   37:
        -:   38:static struct queue prio_queue[MAXPRIO + 1]; /* blocked queue is [0] */
        -:   39:
        -:   40:
        -:   41:
function main called 1 returned 0% blocks executed 78%
        1:   42:main(argc, argv) /* n3, n2, n1 : # of processes at prio3 ... */
        -:   43:int argc;
        -:   44:char *argv[];
        -:   45:{
        -:   46:    int command, prio;
        -:   47:    float ratio;
        -:   48:    int nprocs, status, pid;
        -:   49:    struct process *process;
        1:   50:    if(argc != MAXPRIO + 1) exit_here(BADNOARGS);
branch  0 taken 0 (fallthrough)
branch  1 taken 1
call    2 never executed
        4:   51:    for(prio = MAXPRIO; prio > 0; prio--)
branch  0 taken 3
branch  1 taken 1 (fallthrough)
        -:   52:    {
        3:   53:	if((nprocs = atoi(argv[MAXPRIO + 1 - prio])) < 0) exit_here(BADARG);
call    0 returned 3
branch  1 taken 0 (fallthrough)
branch  2 taken 3
call    3 never executed
       12:   54:	for(; nprocs > 0; nprocs--)
branch  0 taken 9
branch  1 taken 3 (fallthrough)
        -:   55:	{
        9:   56:	    if(status = new_job(prio)) exit_here(status);
call    0 returned 9
branch  1 taken 0 (fallthrough)
branch  2 taken 9
call    3 never executed
        -:   57:	}
        -:   58:    }
        -:   59:    /* while there are commands, schedule it */
       53:   60:    while((status = get_command(&command, &prio, &ratio)) > 0)
call    0 returned 52
branch  1 taken 51
branch  2 taken 1 (fallthrough)
        -:   61:    {
       51:   62:	schedule(command, prio, ratio);
call    0 returned 51
        -:   63:    }
        1:   64:    if(status < 0) exit_here(status); /* Real bad error */
branch  0 taken 0 (fallthrough)
branch  1 taken 1
call    2 never executed
        1:   65:    exit_here(OK);
call    0 returned 0
        -:   66:}
        -:   67:
        -:   68:int 
function get_command called 52 returned 100% blocks executed 86%
       52:   69:get_command(command, prio, ratio)
        -:   70:    int *command, *prio;
        -:   71:    float *ratio;
        -:   72:{
       52:   73:    int status = OK;
        -:   74:    char buf[CMDSIZE];
       52:   75:    if(fgets(buf, CMDSIZE, stdin))
call    0 returned 52
branch  1 taken 51 (fallthrough)
branch  2 taken 1
        -:   76:    {
       51:   77:	*prio = *command = -1; *ratio =-1.0;
       51:   78:	sscanf(buf, "%d", command);
       51:   79:	switch(*command)
branch  0 taken 8
branch  1 taken 8
branch  2 taken 12
branch  3 taken 23
        -:   80:	{
        8:   81:	  case NEW_JOB :
        8:   82:	    sscanf(buf, "%*s%d", prio);
        8:   83:	    break;
        8:   84:	  case UNBLOCK :
        8:   85:	    sscanf(buf, "%*s%f", ratio);
        8:   86:	    break;
       12:   87:	  case UPGRADE_PRIO :
       12:   88:	    sscanf(buf, "%*s%d%f", prio, ratio);
       12:   89:	    break;
        -:   90:	}
        -:   91:	 /* Find end of  line of input if no EOF */
       51:   92:	while(buf[strlen(buf)-1] != '\n' && fgets(buf, CMDSIZE, stdin));
branch  0 taken 0 (fallthrough)
branch  1 taken 51
call    2 never executed
branch  3 never executed
branch  4 never executed
       51:   93:	return(TRUE);
        -:   94:    }
        1:   95:    else return(FALSE);
        -:   96:}
        -:   97:
function exit_here called 1 returned 0% blocks executed 100%
        1:   98:exit_here(status)
        -:   99:     int status;
        -:  100:{
        1:  101:    exit(abs(status));
        -:  102:}
        -:  103:
        -:  104:
        -:  105:int 
function new_job called 17 returned 100% blocks executed 64%
       17:  106:new_job(prio) /* allocate new pid and process block. Stick at end */
        -:  107:     int prio;
        -:  108:{
       17:  109:    int pid, status = OK;
        -:  110:    struct process *new_process;
       17:  111:    if(prio < 1) return(BADPRIO); /* Mustn't allow 0 */
branch  0 taken 0 (fallthrough)
branch  1 taken 17
       17:  112:    pid = next_pid++;
       17:  113:    new_process = (struct process *) malloc(sizeof(struct process));
       17:  114:    if(!new_process) status = MALLOC_ERR;
branch  0 taken 0 (fallthrough)
branch  1 taken 17
        -:  115:    else
        -:  116:    {
       17:  117:	new_process->pid = pid;
       17:  118:	new_process->priority = prio;
       17:  119:	new_process->next = (struct process *) 0;
       17:  120:	status = enqueue(prio, new_process);
call    0 returned 17
       17:  121:	if(status)
branch  0 taken 0 (fallthrough)
branch  1 taken 17
        -:  122:	{
    #####:  123:	    free(new_process); /* Return process block */
        -:  124:	}
        -:  125:    }
       17:  126:    if(status) next_pid--; /* Unsuccess. Restore pid */
branch  0 taken 0 (fallthrough)
branch  1 taken 17
       17:  127:    return(status);
        -:  128:}
        -:  129:
function upgrade_prio called 12 returned 100% blocks executed 89%
       12:  130:int upgrade_prio(prio, ratio) /* increment priority at ratio in queue */
        -:  131:     int prio;
        -:  132:     float ratio;
        -:  133:{
        -:  134:    int status;
        -:  135:    struct process * job;
       12:  136:    if(prio < 1 || prio > MAXLOPRIO) return(BADPRIO);
branch  0 taken 12 (fallthrough)
branch  1 taken 0
branch  2 taken 0 (fallthrough)
branch  3 taken 12
       12:  137:    if((status = get_process(prio, ratio, &job)) <= 0) return(status);
call    0 returned 12
branch  1 taken 11 (fallthrough)
branch  2 taken 1
        -:  138:    /* We found a job in that queue. Upgrade it */
        1:  139:    job->priority = prio + 1;
        1:  140:    return(enqueue(prio + 1, job));
call    0 returned 1
        -:  141:}
        -:  142:
        -:  143:int
function block called 8 returned 100% blocks executed 80%
        8:  144:block() /* Put current job in blocked queue */
        -:  145:{
        -:  146:    struct process * job;
        8:  147:    job = get_current();
call    0 returned 8
        8:  148:    if(job)
branch  0 taken 8 (fallthrough)
branch  1 taken 0
        -:  149:    {
        8:  150:	current_job = (struct process *)0; /* remove it */
        8:  151:	return(enqueue(BLOCKPRIO, job)); /* put into blocked queue */
call    0 returned 8
        -:  152:    }
    #####:  153:    return(OK);
        -:  154:}
        -:  155:
        -:  156:int
function unblock called 8 returned 100% blocks executed 100%
        8:  157:unblock(ratio) /* Restore job @ ratio in blocked queue to its queue */
        -:  158:     float ratio;
        -:  159:{
        -:  160:    int status;
        -:  161:    struct process * job;
        8:  162:    if((status = get_process(BLOCKPRIO, ratio, &job)) <= 0) return(status);
call    0 returned 8
branch  1 taken 1 (fallthrough)
branch  2 taken 7
        -:  163:    /* We found a blocked process. Put it where it belongs. */
        7:  164:    return(enqueue(job->priority, job));
call    0 returned 7
        -:  165:}
        -:  166:
        -:  167:int
function quantum_expire called 5 returned 100% blocks executed 100%
        5:  168:quantum_expire() /* put current job at end of its queue */
        -:  169:{
        -:  170:    struct process * job;
        5:  171:    job = get_current();
call    0 returned 5
        5:  172:    if(job)
branch  0 taken 3 (fallthrough)
branch  1 taken 2
        -:  173:    {
        3:  174:	current_job = (struct process *)0; /* remove it */
        3:  175:	return(enqueue(job->priority, job));
call    0 returned 3
        -:  176:    }
        2:  177:    return(OK);
        -:  178:}
        -:  179:
        -:  180:int
function finish called 26 returned 100% blocks executed 100%
       26:  181:finish() /* Get current job, print it, and zap it. */
        -:  182:{
        -:  183:    struct process * job;
       26:  184:    job = get_current();
call    0 returned 26
       26:  185:    if(job)
branch  0 taken 16 (fallthrough)
branch  1 taken 10
        -:  186:    {
       16:  187:	current_job = (struct process *)0;
       16:  188:	reschedule(0);
call    0 returned 16
       16:  189:	fprintf(stdout, " %d", job->pid);
call    0 returned 16
       16:  190:	free(job);
       16:  191:	return(FALSE);
        -:  192:    }
       10:  193:    else return(TRUE);
        -:  194:}
        -:  195:
        -:  196:int
function flush called 10 returned 100% blocks executed 100%
       10:  197:flush() /* Get all jobs in priority queues & zap them */
        -:  198:{
       10:  199:    while(!finish());
call    0 returned 26
branch  1 taken 16
branch  2 taken 10 (fallthrough)
       10:  200:    fprintf(stdout, "\n");
call    0 returned 10
       10:  201:    return(OK);
        -:  202:}
        -:  203:
        -:  204:struct process * 
function get_current called 91 returned 100% blocks executed 100%
       91:  205:get_current() /* If no current process, get it. Return it */
        -:  206:{
        -:  207:    int prio;
       91:  208:    if(!current_job)
branch  0 taken 48 (fallthrough)
branch  1 taken 43
        -:  209:    {
      131:  210:	for(prio = MAXPRIO; prio > 0; prio--)
branch  0 taken 110
branch  1 taken 21 (fallthrough)
        -:  211:	{ /* find head of highest queue with a process */
      110:  212:	    if(get_process(prio, 0.0, &current_job) > 0) break;
call    0 returned 110
branch  1 taken 27 (fallthrough)
branch  2 taken 83
        -:  213:	}
        -:  214:    }
       91:  215:    return(current_job);
        -:  216:}
        -:  217:
        -:  218:int
function reschedule called 52 returned 100% blocks executed 71%
       52:  219:reschedule(prio) /* Put highest priority job into current_job */
        -:  220:     int prio;
        -:  221:{
       52:  222:    if(current_job && prio > current_job->priority)
branch  0 taken 16 (fallthrough)
branch  1 taken 36
branch  2 taken 0 (fallthrough)
branch  3 taken 16
        -:  223:    {
    #####:  224:	put_end(current_job->priority, current_job);
call    0 never executed
    #####:  225:	current_job = (struct process *)0;
        -:  226:    }
       52:  227:    get_current(); /* Reschedule */
call    0 returned 52
       52:  228:    return(OK);
        -:  229:}
        -:  230:
        -:  231:int 
function schedule called 51 returned 100% blocks executed 79%
       51:  232:schedule(command, prio, ratio)
        -:  233:    int command, prio;
        -:  234:    float ratio;
        -:  235:{
       51:  236:    int status = OK;
       51:  237:    switch(command)
branch  0 taken 8
branch  1 taken 5
branch  2 taken 12
branch  3 taken 8
branch  4 taken 8
branch  5 taken 0
branch  6 taken 10
branch  7 taken 0
        -:  238:    {
        8:  239:      case NEW_JOB :
        8:  240:        status = new_job(prio);
call    0 returned 8
        8:  241:	break;
        5:  242:      case QUANTUM_EXPIRE :
        5:  243:        status = quantum_expire();
call    0 returned 5
        5:  244:	break;
       12:  245:      case UPGRADE_PRIO :
       12:  246:        status = upgrade_prio(prio, ratio);
call    0 returned 12
       12:  247:	break;
        8:  248:      case BLOCK :
        8:  249:        status = block();
call    0 returned 8
        8:  250:	break;
        8:  251:      case UNBLOCK :
        8:  252:        status = unblock(ratio);
call    0 returned 8
        8:  253:	break;
    #####:  254:      case FINISH :
    #####:  255:        finish();
call    0 never executed
    #####:  256:	fprintf(stdout, "\n");
call    0 never executed
    #####:  257:	break;
       10:  258:      case FLUSH :
       10:  259:        status = flush();
call    0 returned 10
       10:  260:	break;
    #####:  261:      default:
    #####:  262:	status = NO_COMMAND;
        -:  263:    }
       51:  264:    return(status);
        -:  265:}
        -:  266:
        -:  267:
        -:  268:
        -:  269:
        -:  270:int 
function put_end called 36 returned 100% blocks executed 88%
       36:  271:put_end(prio, process) /* Put process at end of queue */
        -:  272:     int prio;
        -:  273:     struct process *process;
        -:  274:{
        -:  275:    struct process **next;
       36:  276:    if(prio > MAXPRIO || prio < 0) return(BADPRIO); /* Somebody goofed */
branch  0 taken 36 (fallthrough)
branch  1 taken 0
branch  2 taken 0 (fallthrough)
branch  3 taken 36
        -:  277:     /* find end of queue */
       36:  278:    for(next = &prio_queue[prio].head; *next; next = &(*next)->next);
branch  0 taken 25
branch  1 taken 36 (fallthrough)
       36:  279:    *next = process;
       36:  280:    prio_queue[prio].length++;
       36:  281:    return(OK);
        -:  282:}
        -:  283:
        -:  284:int 
function get_process called 130 returned 100% blocks executed 88%
      130:  285:get_process(prio, ratio, job)
        -:  286:     int prio;
        -:  287:     float ratio;
        -:  288:     struct process ** job;
        -:  289:{
        -:  290:    int length, index;
        -:  291:    struct process **next;
      130:  292:    if(prio > MAXPRIO || prio < 0) return(BADPRIO); /* Somebody goofed */
branch  0 taken 130 (fallthrough)
branch  1 taken 0
branch  2 taken 0 (fallthrough)
branch  3 taken 130
      130:  293:    if(ratio < 0.0 || ratio > 1.0) return(BADRATIO); /* Somebody else goofed */
branch  0 taken 130 (fallthrough)
branch  1 taken 0
branch  2 taken 0 (fallthrough)
branch  3 taken 130
      130:  294:    length = prio_queue[prio].length;
      130:  295:    index = ratio * length;
      130:  296:    index = index >= length ? length -1 : index; /* If ratio == 1.0 */
branch  0 taken 95 (fallthrough)
branch  1 taken 35
      136:  297:    for(next = &prio_queue[prio].head; index && *next; index--)
branch  0 taken 101 (fallthrough)
branch  1 taken 35
branch  2 taken 6
branch  3 taken 95 (fallthrough)
        6:  298:        next = &(*next)->next; /* Count up to it */
      130:  299:    *job = *next;
      130:  300:    if(*job)
branch  0 taken 35 (fallthrough)
branch  1 taken 95
        -:  301:    {
       35:  302:	*next = (*next)->next; /* Mend the chain */
       35:  303:	(*job)->next = (struct process *) 0; /* break this link */
       35:  304:	prio_queue[prio].length--;
       35:  305:	return(TRUE);
        -:  306:    }
       95:  307:    else return(FALSE);
        -:  308:}
