        -:    0:Source:replace.c
        -:    0:Graph:replace.gcno
        -:    0:Data:replace.gcda
        -:    0:Runs:1
        -:    0:Programs:1
        -:    1:/*  -*- Last-Edit:  Mon Dec  7 10:31:51 1992 by Tarak S. Goradia; -*- */
        -:    2:
        -:    3:extern void	exit();
        -:    4:# include <stdio.h>
        -:    5:# include <ctype.h>
        -:    6:# include <stdlib.h>
        -:    7:
        -:    8:void	Caseerror();
        -:    9:
        -:   10:typedef char	bool;
        -:   11:# define false 0
        -:   12:# define true  1
        -:   13:# define NUL 0
        -:   14:
        -:   15:# define MAXSTR 100
        -:   16:# define MAXPAT MAXSTR
        -:   17:
        -:   18:# define ENDSTR  '\0'
        -:   19:# define ESCAPE  '@'
        -:   20:# define CLOSURE '*'
        -:   21:# define BOL     '%'
        -:   22:# define EOL     '$'
        -:   23:# define ANY     '?'
        -:   24:# define CCL     '['
        -:   25:# define CCLEND  ']'
        -:   26:# define NEGATE  '^'
        -:   27:# define NCCL    '!'
        -:   28:# define LITCHAR 'c'
        -:   29:# define DITTO   -1
        -:   30:# define DASH    '-'
        -:   31:
        -:   32:# define TAB     9
        -:   33:# define NEWLINE 10
        -:   34:
        -:   35:# define CLOSIZE 1
        -:   36:
        -:   37:typedef char	character;
        -:   38:typedef char string[MAXSTR];
        -:   39:
        -:   40:bool
function get_line called 2 returned 100% blocks executed 100%
        2:   41:get_line(s, maxsize)
        -:   42:char	*s;
        -:   43:int	maxsize;
        -:   44:{
        -:   45:    char *result;
        2:   46:    result = fgets(s, maxsize, stdin);
call    0 returned 2
        2:   47:    return (result != NULL);
        -:   48:}
        -:   49:int
function addstr called 28 returned 100% blocks executed 80%
       28:   50:addstr(c, outset, j, maxset)
        -:   51:char	c;
        -:   52:char	*outset;
        -:   53:int	*j;
        -:   54:int	maxset;
        -:   55:{
        -:   56:    bool	result;
       28:   57:    if (*j >= maxset)
branch  0 taken 0 (fallthrough)
branch  1 taken 28
    #####:   58:	result = false;
        -:   59:    else {
       28:   60:	outset[*j] = c;
       28:   61:	*j = *j + 1;
       28:   62:	result = true;
        -:   63:    }
       28:   64:    return result;
        -:   65:}
        -:   66:
        -:   67:char
function esc called 4 returned 100% blocks executed 73%
        4:   68:esc(s, i)
        -:   69:char 	*s;
        -:   70:int	*i;
        -:   71:{
        -:   72:    char	result;
        4:   73:    if (s[*i] != ESCAPE)
branch  0 taken 2 (fallthrough)
branch  1 taken 2
        2:   74:	result = s[*i];
        -:   75:    else
        2:   76:	if (s[*i + 1] == ENDSTR)
branch  0 taken 0 (fallthrough)
branch  1 taken 2
    #####:   77:	    result = ESCAPE;
        -:   78:	else 
        -:   79:	{
        2:   80:	    *i = *i + 1;
        2:   81:	    if (s[*i] == 'n')
branch  0 taken 0 (fallthrough)
branch  1 taken 2
    #####:   82:		result = NEWLINE;
        -:   83:	    else
        2:   84:		if (s[*i] == 't')
branch  0 taken 0 (fallthrough)
branch  1 taken 2
    #####:   85:		    result = TAB;
        -:   86:		else
        2:   87:		    result = s[*i];
        -:   88:	}
        4:   89:    return result;
        -:   90:}
        -:   91:
        -:   92:void change();
        -:   93:
        -:   94: void
function dodash called 1 returned 100% blocks executed 73%
        1:   95:dodash(delim, src, i, dest, j, maxset)
        -:   96:char	delim;
        -:   97:char	*src;
        -:   98:int	*i;
        -:   99:char	*dest;
        -:  100:int	*j;
        -:  101:int	maxset;
        -:  102:{
        -:  103:    int	k;
        -:  104:    bool	junk;
        -:  105:    char	escjunk;
        -:  106:
        4:  107:    while ((src[*i] != delim) && (src[*i] != ENDSTR)) 
branch  0 taken 2 (fallthrough)
branch  1 taken 1
branch  2 taken 2
branch  3 taken 0 (fallthrough)
        -:  108:    {
        2:  109:	if (src[*i] == ESCAPE) {
branch  0 taken 0 (fallthrough)
branch  1 taken 2
    #####:  110:	    escjunk = esc(src, i);
call    0 never executed
    #####:  111:	    junk = addstr(escjunk, dest, j, maxset);
call    0 never executed
        -:  112:	} else	
        2:  113:	    if (src[*i] != DASH)
branch  0 taken 1 (fallthrough)
branch  1 taken 1
        1:  114:		junk = addstr(src[*i], dest, j, maxset);
call    0 returned 1
        1:  115:	    else if (*j <= 1 || src[*i + 1] == ENDSTR)
branch  0 taken 1 (fallthrough)
branch  1 taken 0
branch  2 taken 0 (fallthrough)
branch  3 taken 1
    #####:  116:		junk = addstr(DASH, dest, j, maxset);
call    0 never executed
        1:  117:	    else if ((isalnum(src[*i - 1])) && (isalnum(src[*i + 1])) 
branch  0 taken 1 (fallthrough)
branch  1 taken 0
branch  2 taken 1 (fallthrough)
branch  3 taken 0
        1:  118:		&& (src[*i - 1] <= src[*i + 1]))
branch  0 taken 1 (fallthrough)
branch  1 taken 0
        -:  119:		{
       10:  120:		    for (k = src[*i-1]+1; k<=src[*i+1]; k++) 
branch  0 taken 9
branch  1 taken 1 (fallthrough)
        -:  121:		    {
        9:  122:			junk = addstr(k, dest, j, maxset);
call    0 returned 9
        -:  123:		    }	
        1:  124:		    *i = *i + 1;	
        -:  125:		} 
        -:  126:	    else	
    #####:  127:		junk = addstr(DASH, dest, j, maxset);
call    0 never executed
        2:  128:	(*i) = (*i) + 1;
        -:  129:    }
        1:  130:}
        -:  131:
        -:  132:bool
function getccl called 1 returned 100% blocks executed 78%
        1:  133:getccl(arg, i, pat, j)
        -:  134:char	*arg;
        -:  135:int	*i;
        -:  136:char	*pat;
        -:  137:int	*j;
        -:  138:{
        -:  139:    int	jstart;
        -:  140:    bool	junk;
        -:  141:
        1:  142:    *i = *i + 1;
        1:  143:    if (arg[*i] == NEGATE) {
branch  0 taken 0 (fallthrough)
branch  1 taken 1
    #####:  144:	junk = addstr(NCCL, pat, j, MAXPAT);
call    0 never executed
    #####:  145:	*i = *i + 1;
        -:  146:    } else
        1:  147:	junk = addstr(CCL, pat, j, MAXPAT);
call    0 returned 1
        1:  148:    jstart = *j;
        1:  149:    junk = addstr(0, pat, j, MAXPAT);
call    0 returned 1
        1:  150:    dodash(CCLEND, arg, i, pat, j, MAXPAT);
call    0 returned 1
        1:  151:    pat[jstart] = *j - jstart - 1;
        1:  152:    return (arg[*i] == CCLEND);
        -:  153:}
        -:  154:
        -:  155: void
function stclose called 2 returned 100% blocks executed 100%
        2:  156:stclose(pat, j, lastj)
        -:  157:char	*pat;
        -:  158:int	*j;
        -:  159:int	lastj;
        -:  160:{
        -:  161:    int	jt;
        -:  162:    int	jp;
        -:  163:    bool	junk;
        -:  164:
        -:  165:
        6:  166:    for (jp = *j - 1; jp >= lastj ; jp--) 
branch  0 taken 4
branch  1 taken 2 (fallthrough)
        -:  167:    {
        4:  168:	jt = jp + CLOSIZE;
        4:  169:	junk = addstr(pat[jp], pat, &jt, MAXPAT);
call    0 returned 4
        -:  170:    }
        2:  171:    *j = *j + CLOSIZE;
        2:  172:    pat[lastj] = CLOSURE;
        2:  173:}
        -:  174:
function in_set_2 called 2 returned 100% blocks executed 86%
        2:  175:bool in_set_2(c)
        -:  176:char c;
        -:  177:{
        2:  178:  return (c == BOL || c == EOL || c == CLOSURE);
branch  0 taken 2 (fallthrough)
branch  1 taken 0
branch  2 taken 2 (fallthrough)
branch  3 taken 0
branch  4 taken 0 (fallthrough)
branch  5 taken 2
        -:  179:}      
        -:  180:
function in_pat_set called 164 returned 100% blocks executed 91%
      164:  181:bool in_pat_set(c)
        -:  182:char c;
        -:  183:{
       71:  184:  return (   c == LITCHAR || c == BOL  || c == EOL || c == ANY 
branch  0 taken 71 (fallthrough)
branch  1 taken 0
branch  2 taken 71 (fallthrough)
branch  3 taken 0
branch  4 taken 36 (fallthrough)
branch  5 taken 35
      200:  185:          || c == CCL     || c == NCCL || c == CLOSURE);
branch  0 taken 71 (fallthrough)
branch  1 taken 93
branch  2 taken 34 (fallthrough)
branch  3 taken 2
branch  4 taken 34 (fallthrough)
branch  5 taken 0
branch  6 taken 34 (fallthrough)
branch  7 taken 0
        -:  186:}      
        -:  187:
        -:  188:int
function makepat called 1 returned 100% blocks executed 78%
        1:  189:makepat(arg, start, delim, pat)
        -:  190:char	*arg;
        -:  191:int	start;
        -:  192:char	delim;
        -:  193:char	*pat;
        -:  194:{
        -:  195:    int	result;
        -:  196:    int	i, j, lastj, lj;
        -:  197:    bool	done, junk;
        -:  198:    bool	getres;
        -:  199:    char	escjunk;
        -:  200:
        1:  201:    j = 0;
        1:  202:    i = start;
        1:  203:    lastj = 0;
        1:  204:    done = false;
       10:  205:    while ((!done) && (arg[i] != delim) && (arg[i] != ENDSTR)) {
branch  0 taken 9 (fallthrough)
branch  1 taken 0
branch  2 taken 8 (fallthrough)
branch  3 taken 1
branch  4 taken 8
branch  5 taken 0 (fallthrough)
        8:  206:	lj = j;
        8:  207:	if ((arg[i] == ANY))
branch  0 taken 1 (fallthrough)
branch  1 taken 7
        1:  208:	    junk = addstr(ANY, pat, &j, MAXPAT);
call    0 returned 1
        7:  209:	else if ((arg[i] == BOL) && (i == start))
branch  0 taken 0 (fallthrough)
branch  1 taken 7
branch  2 never executed
branch  3 never executed
    #####:  210:	    junk = addstr(BOL, pat, &j, MAXPAT);
call    0 never executed
        7:  211:	else if ((arg[i] == EOL) && (arg[i+1] == delim))
branch  0 taken 0 (fallthrough)
branch  1 taken 7
branch  2 never executed
branch  3 never executed
    #####:  212:	    junk = addstr(EOL, pat, &j, MAXPAT);
call    0 never executed
        7:  213:	else if ((arg[i] == CCL)) 
branch  0 taken 1 (fallthrough)
branch  1 taken 6
        -:  214:	{
        1:  215:	    getres = getccl(arg, &i, pat, &j);
call    0 returned 1
        1:  216:	    done = (bool)(getres == false);
        -:  217:	} 
        6:  218:	else if ((arg[i] == CLOSURE) && (i > start)) 
branch  0 taken 2 (fallthrough)
branch  1 taken 4
branch  2 taken 2 (fallthrough)
branch  3 taken 0
        -:  219:	{
        2:  220:	    lj = lastj;
        4:  221:	    if (in_set_2(pat[lj]))
call    0 returned 2
branch  1 taken 0 (fallthrough)
branch  2 taken 2
    #####:  222:		done = true;
        -:  223:	    else
        2:  224:		stclose(pat, &j, lastj);
call    0 returned 2
        -:  225:	} 
        -:  226:	else 
        -:  227:	{
        4:  228:	    junk = addstr(LITCHAR, pat, &j, MAXPAT);
call    0 returned 4
        4:  229:	    escjunk = esc(arg, &i);
call    0 returned 4
        4:  230:	    junk = addstr(escjunk, pat, &j, MAXPAT);
call    0 returned 4
        -:  231:	}
        8:  232:	lastj = lj;
        8:  233:	if ((!done))
branch  0 taken 8 (fallthrough)
branch  1 taken 0
        8:  234:	    i = i + 1;
        -:  235:    }	
        1:  236:    junk = addstr(ENDSTR, pat, &j, MAXPAT);
call    0 returned 1
        1:  237:    if ((done) || (arg[i] != delim))
branch  0 taken 1 (fallthrough)
branch  1 taken 0
branch  2 taken 0 (fallthrough)
branch  3 taken 1
    #####:  238:	result = 0;
        -:  239:    else
        1:  240:	if ((!junk))
branch  0 taken 0 (fallthrough)
branch  1 taken 1
    #####:  241:	    result = 0;
        -:  242:	else
        1:  243:	    result = i;
        1:  244:    return result;
        -:  245:}
        -:  246:
        -:  247:int
function getpat called 1 returned 100% blocks executed 100%
        1:  248:getpat(arg, pat)
        -:  249:char*	arg;
        -:  250:char*	pat;
        -:  251:{
        -:  252:    int	makeres;
        -:  253:
        1:  254:    makeres = makepat(arg, 0, ENDSTR, pat);
call    0 returned 1
        1:  255:    return (makeres > 0);
        -:  256:}
        -:  257:
        -:  258:int
function makesub called 1 returned 100% blocks executed 72%
        1:  259:makesub(arg, from, delim, sub)
        -:  260:	char*	arg;
        -:  261:	int	from;
        -:  262:	character	delim;
        -:  263:	char*	sub;
        -:  264:{
        -:  265:    int  result;
        -:  266:    int	i, j;
        -:  267:    bool	junk;
        -:  268:    character	escjunk;
        -:  269:
        1:  270:    j = 0;
        1:  271:    i = from;
        3:  272:    while ((arg[i] != delim) && (arg[i] != ENDSTR)) {
branch  0 taken 1 (fallthrough)
branch  1 taken 1
branch  2 taken 1
branch  3 taken 0 (fallthrough)
        1:  273:	if ((arg[i] == (unsigned)('&')))
branch  0 taken 1 (fallthrough)
branch  1 taken 0
        1:  274:	    junk = addstr(DITTO, sub, &j, MAXPAT);
call    0 returned 1
        -:  275:	else {
    #####:  276:	    escjunk = esc(arg, &i);
call    0 never executed
    #####:  277:	    junk = addstr(escjunk, sub, &j, MAXPAT);
call    0 never executed
        -:  278:	}
        1:  279:	i = i + 1;
        -:  280:    }
        1:  281:    if (arg[i] != delim)
branch  0 taken 0 (fallthrough)
branch  1 taken 1
    #####:  282:	result = 0;
        -:  283:    else {
        1:  284:	junk = addstr(ENDSTR, &(*sub), &j, MAXPAT);
call    0 returned 1
        1:  285:	if ((!junk))
branch  0 taken 0 (fallthrough)
branch  1 taken 1
    #####:  286:	    result = 0;
        -:  287:	else
        1:  288:	    result = i;
        -:  289:    }	
        1:  290:    return result;
        -:  291:}
        -:  292:
        -:  293:bool
function getsub called 1 returned 100% blocks executed 100%
        1:  294:getsub(arg, sub)
        -:  295:	char*	arg;
        -:  296:	char*	sub;
        -:  297:{
        -:  298:    int	makeres;
        -:  299:
        1:  300:    makeres = makesub(arg, 0, ENDSTR, sub);
call    0 returned 1
        1:  301:    return (makeres > 0);
        -:  302:}
        -:  303:
        -:  304:void subline();
        -:  305:
        -:  306: bool
function locate called 1 returned 100% blocks executed 86%
        1:  307:locate(c, pat, offset)
        -:  308:	character	c;
        -:  309:	char *	pat;
        -:  310:	int	offset;
        -:  311:{
        -:  312:    int	i;
        -:  313:    bool flag;
        -:  314:
        1:  315:    flag = false;
        1:  316:    i = offset + pat[offset];
        3:  317:    while ((i > offset))
branch  0 taken 1
branch  1 taken 1 (fallthrough)
        -:  318:    {
        1:  319:	if (c == pat[i]) {
branch  0 taken 1 (fallthrough)
branch  1 taken 0
        1:  320:	    flag = true;
        1:  321:	    i = offset;
        -:  322:	} else
    #####:  323:	    i = i - 1;
        -:  324:    }
        1:  325:    return flag;
        -:  326:}
        -:  327:
        -:  328:bool
function omatch called 76 returned 100% blocks executed 56%
       76:  329:omatch(lin, i, pat, j)
        -:  330:	char*	lin;
        -:  331:	int	*i;
        -:  332:	char*	pat;
        -:  333:	int	j;
        -:  334:{
        -:  335:    char	advance;
        -:  336:    bool result;
        -:  337:    
       76:  338:    advance = -1;
       76:  339:    if ((lin[*i] == ENDSTR))
branch  0 taken 0 (fallthrough)
branch  1 taken 76
    #####:  340:	result = false;
        -:  341:    else 
        -:  342:    {
       76:  343:	if (!in_pat_set(pat[j]))
call    0 returned 76
branch  1 taken 0 (fallthrough)
branch  2 taken 76
        -:  344:	{
    #####:  345:	    (void)fprintf(stdout, "in omatch: can't happen\n");
call    0 never executed
    #####:  346:	    abort();	
call    0 never executed
        -:  347:	} else
        -:  348:	{
       76:  349:	     switch (pat[j]) 
branch  0 taken 57
branch  1 taken 0
branch  2 taken 18
branch  3 taken 0
branch  4 taken 1
branch  5 taken 0
branch  6 taken 0
        -:  350:	     {			
       57:  351:	     case LITCHAR:
       57:  352:		 if (lin[*i] == pat[j + 1])
branch  0 taken 7 (fallthrough)
branch  1 taken 50
        7:  353:		     advance = 1;
       57:  354:		 break ;	
    #####:  355:	     case BOL:
    #####:  356:		 if (*i == 0)
branch  0 never executed
branch  1 never executed
    #####:  357:		     advance = 0;
    #####:  358:		 break ;
       18:  359:	     case ANY:
       18:  360:		 if (lin[*i] != NEWLINE)
branch  0 taken 17 (fallthrough)
branch  1 taken 1
       17:  361:		     advance = 1;
       18:  362:		 break ;
    #####:  363:	     case EOL:
    #####:  364:		 if (lin[*i] == NEWLINE)
branch  0 never executed
branch  1 never executed
    #####:  365:		     advance = 0;
    #####:  366:		 break ;
        1:  367:	     case CCL:
        1:  368:		 if (locate(lin[*i], pat, j + 1))
call    0 returned 1
branch  1 taken 1 (fallthrough)
branch  2 taken 0
        1:  369:		     advance = 1;	
        1:  370:		 break ;
    #####:  371:	     case NCCL:
    #####:  372:		 if ((lin[*i] != NEWLINE) && (!locate(lin[*i], pat, j+1)))
branch  0 never executed
branch  1 never executed
call    2 never executed
branch  3 never executed
branch  4 never executed
    #####:  373:		     advance = 1;	
    #####:  374:		 break ;
    #####:  375:	     default:
    #####:  376:		 Caseerror(pat[j]);
call    0 never executed
        -:  377:	     };
        -:  378:	 }	
        -:  379:    }
       76:  380:    if ((advance >= 0)) 
branch  0 taken 25 (fallthrough)
branch  1 taken 51
        -:  381:    {
       25:  382:	*i = *i + advance;
       25:  383:	result = true;
        -:  384:    } else
       51:  385:	result = false;
       76:  386:    return result;
        -:  387:}
        -:  388:
        -:  389:
function patsize called 88 returned 100% blocks executed 75%
       88:  390:patsize(pat, n)
        -:  391:	char*	pat;
        -:  392:	int	n;
        -:  393:{
        -:  394:    int size;
       88:  395:    if (!in_pat_set(pat[n])) {
call    0 returned 88
branch  1 taken 0 (fallthrough)
branch  2 taken 88
    #####:  396:	(void)fprintf(stdout, "in patsize: can't happen\n");
call    0 never executed
    #####:  397:	abort();
call    0 never executed
        -:  398:    } else
       88:  399:	switch (pat[n]) 
branch  0 taken 36
branch  1 taken 17
branch  2 taken 1
branch  3 taken 34
branch  4 taken 0
        -:  400:	{
       36:  401:	case LITCHAR: size = 2; break;
        -:  402:	    
       17:  403:	case BOL:  case EOL:  case ANY:
       17:  404:	    size = 1;
       17:  405:	    break;
        1:  406:	case CCL:  case NCCL:
        1:  407:	    size = pat[n + 1] + 2;
        1:  408:	    break ;
       34:  409:	case CLOSURE:
       34:  410:	    size = CLOSIZE;
       34:  411:	    break ;
    #####:  412:	default:
    #####:  413:	    Caseerror(pat[n]);
call    0 never executed
        -:  414:	}
       88:  415:    return size;
        -:  416:}
        -:  417:
        -:  418:int
function amatch called 52 returned 100% blocks executed 100%
       52:  419:amatch(lin, offset, pat, j)
        -:  420:	char*	lin;
        -:  421:	int	offset;
        -:  422:	char*	pat;
        -:  423:	int	j;
        -:  424:{
        -:  425:    int	i, k;
        -:  426:    bool	result, done;
        -:  427:
       52:  428:    done = false;
      175:  429:    while ((!done) && (pat[j] != ENDSTR))
branch  0 taken 72 (fallthrough)
branch  1 taken 51
branch  2 taken 71
branch  3 taken 1 (fallthrough)
       71:  430:	if ((pat[j] == CLOSURE)) {
branch  0 taken 34 (fallthrough)
branch  1 taken 37
       34:  431:	    j = j + patsize(pat, j);
call    0 returned 34
       34:  432:	    i = offset;
      107:  433:	    while ((!done) && (lin[i] != ENDSTR)) {
branch  0 taken 39 (fallthrough)
branch  1 taken 34
branch  2 taken 39
branch  3 taken 0 (fallthrough)
       39:  434:		result = omatch(lin, &i, pat, j);
call    0 returned 39
       39:  435:		if (!result)	
branch  0 taken 34 (fallthrough)
branch  1 taken 5
       34:  436:		    done = true;
        -:  437:	    }
       34:  438:	    done = false;
      102:  439:	    while ((!done) && (i >= offset)) {
branch  0 taken 66 (fallthrough)
branch  1 taken 2
branch  2 taken 34
branch  3 taken 32 (fallthrough)
       34:  440:		k = amatch(lin, i, pat, j + patsize(pat, j));
call    0 returned 34
call    1 returned 34
       34:  441:		if ((k >= 0))
branch  0 taken 2 (fallthrough)
branch  1 taken 32
        2:  442:		    done = true;
        -:  443:		else
       32:  444:		    i = i - 1;
        -:  445:	    }
       34:  446:	    offset = k;
       34:  447:	    done = true;
        -:  448:	} else {
       37:  449:	    result = omatch(lin, &offset, pat, j);
call    0 returned 37
       37:  450:	    if ((!result)) {	
branch  0 taken 17 (fallthrough)
branch  1 taken 20
       17:  451:		offset = -1;
       17:  452:		done = true;
        -:  453:	    } else
       20:  454:		j = j + patsize(pat, j);
call    0 returned 20
        -:  455:	}
       52:  456:     return offset;
        -:  457:}
        -:  458:
        -:  459:void
function putsub called 1 returned 100% blocks executed 90%
        1:  460:putsub(lin, s1, s2, sub)
        -:  461:  char *	lin;
        -:  462:  int	s1, s2;
        -:  463:  char *	sub;
        -:  464:{
        -:  465:    int	i;
        -:  466:    int		j;
        -:  467:
        1:  468:    i = 0;
        3:  469:    while ((sub[i] != ENDSTR)) {
branch  0 taken 1
branch  1 taken 1 (fallthrough)
        1:  470:	if ((sub[i] == DITTO))
branch  0 taken 1 (fallthrough)
branch  1 taken 0
       10:  471:	    for (j = s1; j < s2; j++) 
branch  0 taken 9
branch  1 taken 1
        -:  472:	    {
        9:  473:		fputc(lin[j],stdout);
call    0 returned 9
        -:  474:	    }	
        -:  475:	else	
        -:  476:	{
    #####:  477:	    fputc(sub[i],stdout);
call    0 never executed
        -:  478:	}
        1:  479:	i = i + 1;
        -:  480:    }
        1:  481:}
        -:  482:
        -:  483:void
function subline called 1 returned 100% blocks executed 100%
        1:  484:subline(lin, pat, sub)
        -:  485: char	*lin;
        -:  486: char   *pat;
        -:  487: char   *sub;
        -:  488:{	
        -:  489:	int	i, lastm, m;
        -:  490:
        1:  491:	lastm = -1;
        1:  492:	i = 0;
       20:  493:	while ((lin[i] != ENDSTR)) 
branch  0 taken 18
branch  1 taken 1 (fallthrough)
        -:  494:	{
       18:  495:	    m = amatch(lin, i, pat, 0);
call    0 returned 18
       18:  496:	    if ((m >= 0) && (lastm != m)) {
branch  0 taken 1 (fallthrough)
branch  1 taken 17
branch  2 taken 1 (fallthrough)
branch  3 taken 0
        1:  497:		putsub(lin, i, m, sub);
call    0 returned 1
        1:  498:		lastm = m;
        -:  499:	    }
       18:  500:	    if ((m == -1) || (m == i)) {
branch  0 taken 1 (fallthrough)
branch  1 taken 17
branch  2 taken 0 (fallthrough)
branch  3 taken 1
       17:  501:		fputc(lin[i],stdout);
call    0 returned 17
       17:  502:		i = i + 1;
        -:  503:	    } else
        1:  504:		i = m;
        -:  505:	}
        1:  506:}
        -:  507:
        -:  508: void
function change called 1 returned 100% blocks executed 100%
        1:  509:change(pat, sub)
        -:  510:char *pat, *sub;
        -:  511:{
        -:  512:    string  line;
        -:  513:    bool result;
        -:  514:    
        1:  515:    result = get_line(line, MAXSTR);
call    0 returned 1
        3:  516:    while ((result)) {
branch  0 taken 1
branch  1 taken 1 (fallthrough)
        1:  517:	subline(line, pat, sub);
call    0 returned 1
        1:  518:	result = get_line(line, MAXSTR);
call    0 returned 1
        -:  519:    }
        1:  520:}
        -:  521:
function main called 1 returned 100% blocks executed 56%
        1:  522:main(argc, argv)
        -:  523:int	argc;
        -:  524:char	*argv[];
        -:  525:{
        -:  526:   string pat, sub;
        -:  527:   bool result;
        -:  528:
        1:  529:   if (argc < 2) 
branch  0 taken 0 (fallthrough)
branch  1 taken 1
        -:  530:   {
    #####:  531:       (void)fprintf(stdout, "usage: change from [to]\n");
call    0 never executed
    #####:  532:       exit(1);
call    0 never executed
        -:  533:   };
        -:  534:
        1:  535:   result = getpat(argv[1], pat);
call    0 returned 1
        1:  536:   if (!result)
branch  0 taken 0 (fallthrough)
branch  1 taken 1
        -:  537:   {
    #####:  538:       (void)fprintf(stdout, "change: illegal \"from\" pattern\n");
call    0 never executed
    #####:  539:       exit(2);
call    0 never executed
        -:  540:   }
        -:  541:
        1:  542:   if (argc >= 3)
branch  0 taken 1 (fallthrough)
branch  1 taken 0
        -:  543:   {
        1:  544:       result = getsub(argv[2], sub);
call    0 returned 1
        1:  545:       if (!result)
branch  0 taken 0 (fallthrough)
branch  1 taken 1
        -:  546:       {	
    #####:  547:	   (void)fprintf(stdout, "change: illegal \"to\" string\n");
call    0 never executed
    #####:  548:	   exit(3);
call    0 never executed
        -:  549:       }
        -:  550:   } else
        -:  551:   {
    #####:  552:       sub[0] = '\0';
        -:  553:   }
        -:  554:   
        1:  555:   change(pat, sub);
call    0 returned 1
        1:  556:   return 0;
        -:  557:}
        -:  558:
        -:  559:void
function Caseerror called 0 returned 0% blocks executed 0%
    #####:  560:Caseerror(n)
        -:  561:	int	n;
        -:  562:{
    #####:  563:	(void)fprintf(stdout, "Missing case limb: line %d\n", n);
call    0 never executed
    #####:  564:	exit(4);
        -:  565:}
