        -:    0:Source:schedule2.c
        -:    0:Graph:schedule2.gcno
        -:    0:Data:schedule2.gcda
        -:    0:Runs:1
        -:    0:Programs:1
        -:    1:
        -:    2:/* $Log: schedule.c,v $
        -:    3: * Revision 1.4  1993/05/04  12:23:58  foster
        -:    4: * Debug stuff removed
        -:    5: *
        -:    6: * Revision 1.3  1993/05/03  20:27:04  foster
        -:    7: * Full Functionality
        -:    8: *
        -:    9: * Revision 1.2  1993/05/03  15:41:01  foster
        -:   10: * Restructure functions
        -:   11: *
        -:   12: * Revision 1.1  1993/05/01  11:38:04  foster
        -:   13: * Initial revision
        -:   14: * */
        -:   15:
        -:   16:#include <stdio.h>
        -:   17:#include "schedule2.h"
        -:   18:
        -:   19:static struct process * current_job;
        -:   20:static int next_pid = 0;
        -:   21:
        -:   22:int
function enqueue called 56 returned 100% blocks executed 80%
       56:   23:enqueue(prio, new_process)
        -:   24:     int prio;
        -:   25:     struct process *new_process;
        -:   26:{
        -:   27:    int status;
       56:   28:    if(status = put_end(prio, new_process)) return(status); /* Error */
call    0 returned 56
branch  1 taken 0 (fallthrough)
branch  2 taken 56
       56:   29:    return(reschedule(prio));
call    0 returned 56
        -:   30:}
        -:   31:
        -:   32:struct queue
        -:   33:{
        -:   34:    int length;
        -:   35:    struct process *head;
        -:   36:};
        -:   37:
        -:   38:static struct queue prio_queue[MAXPRIO + 1]; /* blocked queue is [0] */
        -:   39:
        -:   40:
        -:   41:
function main called 1 returned 0% blocks executed 78%
        1:   42:main(argc, argv) /* n3, n2, n1 : # of processes at prio3 ... */
        -:   43:int argc;
        -:   44:char *argv[];
        -:   45:{
        -:   46:    int command, prio;
        -:   47:    float ratio;
        -:   48:    int nprocs, status, pid;
        -:   49:    struct process *process;
        1:   50:    if(argc != MAXPRIO + 1) exit_here(BADNOARGS);
branch  0 taken 0 (fallthrough)
branch  1 taken 1
call    2 never executed
        4:   51:    for(prio = MAXPRIO; prio > 0; prio--)
branch  0 taken 3
branch  1 taken 1 (fallthrough)
        -:   52:    {
        3:   53:	if((nprocs = atoi(argv[MAXPRIO + 1 - prio])) < 0) exit_here(BADARG);
call    0 returned 3
branch  1 taken 0 (fallthrough)
branch  2 taken 3
call    3 never executed
       13:   54:	for(; nprocs > 0; nprocs--)
branch  0 taken 10
branch  1 taken 3 (fallthrough)
        -:   55:	{
       10:   56:	    if(status = new_job(prio)) exit_here(status);
call    0 returned 10
branch  1 taken 0 (fallthrough)
branch  2 taken 10
call    3 never executed
        -:   57:	}
        -:   58:    }
        -:   59:    /* while there are commands, schedule it */
      162:   60:    while((status = get_command(&command, &prio, &ratio)) > 0)
call    0 returned 161
branch  1 taken 160
branch  2 taken 1 (fallthrough)
        -:   61:    {
      160:   62:	schedule(command, prio, ratio);
call    0 returned 160
        -:   63:    }
        1:   64:    if(status < 0) exit_here(status); /* Real bad error */
branch  0 taken 0 (fallthrough)
branch  1 taken 1
call    2 never executed
        1:   65:    exit_here(OK);
call    0 returned 0
        -:   66:}
        -:   67:
        -:   68:int 
function get_command called 161 returned 100% blocks executed 86%
      161:   69:get_command(command, prio, ratio)
        -:   70:    int *command, *prio;
        -:   71:    float *ratio;
        -:   72:{
      161:   73:    int status = OK;
        -:   74:    char buf[CMDSIZE];
      161:   75:    if(fgets(buf, CMDSIZE, stdin))
call    0 returned 161
branch  1 taken 160 (fallthrough)
branch  2 taken 1
        -:   76:    {
      160:   77:	*prio = *command = -1; *ratio =-1.0;
      160:   78:	sscanf(buf, "%d", command);
      160:   79:	switch(*command)
branch  0 taken 17
branch  1 taken 18
branch  2 taken 22
branch  3 taken 103
        -:   80:	{
       17:   81:	  case NEW_JOB :
       17:   82:	    sscanf(buf, "%*s%d", prio);
       17:   83:	    break;
       18:   84:	  case UNBLOCK :
       18:   85:	    sscanf(buf, "%*s%f", ratio);
       18:   86:	    break;
       22:   87:	  case UPGRADE_PRIO :
       22:   88:	    sscanf(buf, "%*s%d%f", prio, ratio);
       22:   89:	    break;
        -:   90:	}
        -:   91:	 /* Find end of  line of input if no EOF */
      160:   92:	while(buf[strlen(buf)-1] != '\n' && fgets(buf, CMDSIZE, stdin));
branch  0 taken 0 (fallthrough)
branch  1 taken 160
call    2 never executed
branch  3 never executed
branch  4 never executed
      160:   93:	return(TRUE);
        -:   94:    }
        1:   95:    else return(FALSE);
        -:   96:}
        -:   97:
function exit_here called 1 returned 0% blocks executed 100%
        1:   98:exit_here(status)
        -:   99:     int status;
        -:  100:{
        1:  101:    exit(abs(status));
        -:  102:}
        -:  103:
        -:  104:
        -:  105:int 
function new_job called 27 returned 100% blocks executed 64%
       27:  106:new_job(prio) /* allocate new pid and process block. Stick at end */
        -:  107:     int prio;
        -:  108:{
       27:  109:    int pid, status = OK;
        -:  110:    struct process *new_process;
       27:  111:    if(prio < 1) return(BADPRIO); /* Mustn't allow 0 */
branch  0 taken 0 (fallthrough)
branch  1 taken 27
       27:  112:    pid = next_pid++;
       27:  113:    new_process = (struct process *) malloc(sizeof(struct process));
       27:  114:    if(!new_process) status = MALLOC_ERR;
branch  0 taken 0 (fallthrough)
branch  1 taken 27
        -:  115:    else
        -:  116:    {
       27:  117:	new_process->pid = pid;
       27:  118:	new_process->priority = prio;
       27:  119:	new_process->next = (struct process *) 0;
       27:  120:	status = enqueue(prio, new_process);
call    0 returned 27
       27:  121:	if(status)
branch  0 taken 0 (fallthrough)
branch  1 taken 27
        -:  122:	{
    #####:  123:	    free(new_process); /* Return process block */
        -:  124:	}
        -:  125:    }
       27:  126:    if(status) next_pid--; /* Unsuccess. Restore pid */
branch  0 taken 0 (fallthrough)
branch  1 taken 27
       27:  127:    return(status);
        -:  128:}
        -:  129:
function upgrade_prio called 22 returned 100% blocks executed 89%
       22:  130:int upgrade_prio(prio, ratio) /* increment priority at ratio in queue */
        -:  131:     int prio;
        -:  132:     float ratio;
        -:  133:{
        -:  134:    int status;
        -:  135:    struct process * job;
       22:  136:    if(prio < 1 || prio > MAXLOPRIO) return(BADPRIO);
branch  0 taken 22 (fallthrough)
branch  1 taken 0
branch  2 taken 6 (fallthrough)
branch  3 taken 16
       16:  137:    if((status = get_process(prio, ratio, &job)) <= 0) return(status);
call    0 returned 16
branch  1 taken 16 (fallthrough)
branch  2 taken 0
        -:  138:    /* We found a job in that queue. Upgrade it */
    #####:  139:    job->priority = prio + 1;
    #####:  140:    return(enqueue(prio + 1, job));
call    0 never executed
        -:  141:}
        -:  142:
        -:  143:int
function block called 25 returned 100% blocks executed 100%
       25:  144:block() /* Put current job in blocked queue */
        -:  145:{
        -:  146:    struct process * job;
       25:  147:    job = get_current();
call    0 returned 25
       25:  148:    if(job)
branch  0 taken 12 (fallthrough)
branch  1 taken 13
        -:  149:    {
       12:  150:	current_job = (struct process *)0; /* remove it */
       12:  151:	return(enqueue(BLOCKPRIO, job)); /* put into blocked queue */
call    0 returned 12
        -:  152:    }
       13:  153:    return(OK);
        -:  154:}
        -:  155:
        -:  156:int
function unblock called 18 returned 100% blocks executed 100%
       18:  157:unblock(ratio) /* Restore job @ ratio in blocked queue to its queue */
        -:  158:     float ratio;
        -:  159:{
        -:  160:    int status;
        -:  161:    struct process * job;
       18:  162:    if((status = get_process(BLOCKPRIO, ratio, &job)) <= 0) return(status);
call    0 returned 18
branch  1 taken 7 (fallthrough)
branch  2 taken 11
        -:  163:    /* We found a blocked process. Put it where it belongs. */
       11:  164:    return(enqueue(job->priority, job));
call    0 returned 11
        -:  165:}
        -:  166:
        -:  167:int
function quantum_expire called 25 returned 100% blocks executed 100%
       25:  168:quantum_expire() /* put current job at end of its queue */
        -:  169:{
        -:  170:    struct process * job;
       25:  171:    job = get_current();
call    0 returned 25
       25:  172:    if(job)
branch  0 taken 6 (fallthrough)
branch  1 taken 19
        -:  173:    {
        6:  174:	current_job = (struct process *)0; /* remove it */
        6:  175:	return(enqueue(job->priority, job));
call    0 returned 6
        -:  176:    }
       19:  177:    return(OK);
        -:  178:}
        -:  179:
        -:  180:int
function finish called 59 returned 100% blocks executed 100%
       59:  181:finish() /* Get current job, print it, and zap it. */
        -:  182:{
        -:  183:    struct process * job;
       59:  184:    job = get_current();
call    0 returned 59
       59:  185:    if(job)
branch  0 taken 24 (fallthrough)
branch  1 taken 35
        -:  186:    {
       24:  187:	current_job = (struct process *)0;
       24:  188:	reschedule(0);
call    0 returned 24
       24:  189:	fprintf(stdout, " %d", job->pid);
call    0 returned 24
       24:  190:	free(job);
       24:  191:	return(FALSE);
        -:  192:    }
       35:  193:    else return(TRUE);
        -:  194:}
        -:  195:
        -:  196:int
function flush called 17 returned 100% blocks executed 100%
       17:  197:flush() /* Get all jobs in priority queues & zap them */
        -:  198:{
       17:  199:    while(!finish());
call    0 returned 38
branch  1 taken 21
branch  2 taken 17 (fallthrough)
       17:  200:    fprintf(stdout, "\n");
call    0 returned 17
       17:  201:    return(OK);
        -:  202:}
        -:  203:
        -:  204:struct process * 
function get_current called 189 returned 100% blocks executed 100%
      189:  205:get_current() /* If no current process, get it. Return it */
        -:  206:{
        -:  207:    int prio;
      189:  208:    if(!current_job)
branch  0 taken 132 (fallthrough)
branch  1 taken 57
        -:  209:    {
      438:  210:	for(prio = MAXPRIO; prio > 0; prio--)
branch  0 taken 352
branch  1 taken 86 (fallthrough)
        -:  211:	{ /* find head of highest queue with a process */
      352:  212:	    if(get_process(prio, 0.0, &current_job) > 0) break;
call    0 returned 352
branch  1 taken 46 (fallthrough)
branch  2 taken 306
        -:  213:	}
        -:  214:    }
      189:  215:    return(current_job);
        -:  216:}
        -:  217:
        -:  218:int
function reschedule called 80 returned 100% blocks executed 100%
       80:  219:reschedule(prio) /* Put highest priority job into current_job */
        -:  220:     int prio;
        -:  221:{
       80:  222:    if(current_job && prio > current_job->priority)
branch  0 taken 18 (fallthrough)
branch  1 taken 62
branch  2 taken 3 (fallthrough)
branch  3 taken 15
        -:  223:    {
        3:  224:	put_end(current_job->priority, current_job);
call    0 returned 3
        3:  225:	current_job = (struct process *)0;
        -:  226:    }
       80:  227:    get_current(); /* Reschedule */
call    0 returned 80
       80:  228:    return(OK);
        -:  229:}
        -:  230:
        -:  231:int 
function schedule called 160 returned 100% blocks executed 100%
      160:  232:schedule(command, prio, ratio)
        -:  233:    int command, prio;
        -:  234:    float ratio;
        -:  235:{
      160:  236:    int status = OK;
      160:  237:    switch(command)
branch  0 taken 17
branch  1 taken 25
branch  2 taken 22
branch  3 taken 25
branch  4 taken 18
branch  5 taken 21
branch  6 taken 17
branch  7 taken 15
        -:  238:    {
       17:  239:      case NEW_JOB :
       17:  240:        status = new_job(prio);
call    0 returned 17
       17:  241:	break;
       25:  242:      case QUANTUM_EXPIRE :
       25:  243:        status = quantum_expire();
call    0 returned 25
       25:  244:	break;
       22:  245:      case UPGRADE_PRIO :
       22:  246:        status = upgrade_prio(prio, ratio);
call    0 returned 22
       22:  247:	break;
       25:  248:      case BLOCK :
       25:  249:        status = block();
call    0 returned 25
       25:  250:	break;
       18:  251:      case UNBLOCK :
       18:  252:        status = unblock(ratio);
call    0 returned 18
       18:  253:	break;
       21:  254:      case FINISH :
       21:  255:        finish();
call    0 returned 21
       21:  256:	fprintf(stdout, "\n");
call    0 returned 21
       21:  257:	break;
       17:  258:      case FLUSH :
       17:  259:        status = flush();
call    0 returned 17
       17:  260:	break;
       15:  261:      default:
       15:  262:	status = NO_COMMAND;
        -:  263:    }
      160:  264:    return(status);
        -:  265:}
        -:  266:
        -:  267:
        -:  268:
        -:  269:
        -:  270:int 
function put_end called 59 returned 100% blocks executed 88%
       59:  271:put_end(prio, process) /* Put process at end of queue */
        -:  272:     int prio;
        -:  273:     struct process *process;
        -:  274:{
        -:  275:    struct process **next;
       59:  276:    if(prio > MAXPRIO || prio < 0) return(BADPRIO); /* Somebody goofed */
branch  0 taken 59 (fallthrough)
branch  1 taken 0
branch  2 taken 0 (fallthrough)
branch  3 taken 59
        -:  277:     /* find end of queue */
       59:  278:    for(next = &prio_queue[prio].head; *next; next = &(*next)->next);
branch  0 taken 27
branch  1 taken 59 (fallthrough)
       59:  279:    *next = process;
       59:  280:    prio_queue[prio].length++;
       59:  281:    return(OK);
        -:  282:}
        -:  283:
        -:  284:int 
function get_process called 386 returned 100% blocks executed 88%
      386:  285:get_process(prio, ratio, job)
        -:  286:     int prio;
        -:  287:     float ratio;
        -:  288:     struct process ** job;
        -:  289:{
        -:  290:    int length, index;
        -:  291:    struct process **next;
      386:  292:    if(prio > MAXPRIO || prio < 0) return(BADPRIO); /* Somebody goofed */
branch  0 taken 386 (fallthrough)
branch  1 taken 0
branch  2 taken 0 (fallthrough)
branch  3 taken 386
      386:  293:    if(ratio < 0.0 || ratio > 1.0) return(BADRATIO); /* Somebody else goofed */
branch  0 taken 386 (fallthrough)
branch  1 taken 0
branch  2 taken 0 (fallthrough)
branch  3 taken 386
      386:  294:    length = prio_queue[prio].length;
      386:  295:    index = ratio * length;
      386:  296:    index = index >= length ? length -1 : index; /* If ratio == 1.0 */
branch  0 taken 329 (fallthrough)
branch  1 taken 57
      389:  297:    for(next = &prio_queue[prio].head; index && *next; index--)
branch  0 taken 332 (fallthrough)
branch  1 taken 57
branch  2 taken 3
branch  3 taken 329 (fallthrough)
        3:  298:        next = &(*next)->next; /* Count up to it */
      386:  299:    *job = *next;
      386:  300:    if(*job)
branch  0 taken 57 (fallthrough)
branch  1 taken 329
        -:  301:    {
       57:  302:	*next = (*next)->next; /* Mend the chain */
       57:  303:	(*job)->next = (struct process *) 0; /* break this link */
       57:  304:	prio_queue[prio].length--;
       57:  305:	return(TRUE);
        -:  306:    }
      329:  307:    else return(FALSE);
        -:  308:}
