        -:    0:Source:schedule2.c
        -:    0:Graph:schedule2.gcno
        -:    0:Data:schedule2.gcda
        -:    0:Runs:1
        -:    0:Programs:1
        -:    1:
        -:    2:/* $Log: schedule.c,v $
        -:    3: * Revision 1.4  1993/05/04  12:23:58  foster
        -:    4: * Debug stuff removed
        -:    5: *
        -:    6: * Revision 1.3  1993/05/03  20:27:04  foster
        -:    7: * Full Functionality
        -:    8: *
        -:    9: * Revision 1.2  1993/05/03  15:41:01  foster
        -:   10: * Restructure functions
        -:   11: *
        -:   12: * Revision 1.1  1993/05/01  11:38:04  foster
        -:   13: * Initial revision
        -:   14: * */
        -:   15:
        -:   16:#include <stdio.h>
        -:   17:#include "schedule2.h"
        -:   18:
        -:   19:static struct process * current_job;
        -:   20:static int next_pid = 0;
        -:   21:
        -:   22:int
function enqueue called 56 returned 100% blocks executed 80%
       56:   23:enqueue(prio, new_process)
        -:   24:     int prio;
        -:   25:     struct process *new_process;
        -:   26:{
        -:   27:    int status;
       56:   28:    if(status = put_end(prio, new_process)) return(status); /* Error */
call    0 returned 56
branch  1 taken 0 (fallthrough)
branch  2 taken 56
       56:   29:    return(reschedule(prio));
call    0 returned 56
        -:   30:}
        -:   31:
        -:   32:struct queue
        -:   33:{
        -:   34:    int length;
        -:   35:    struct process *head;
        -:   36:};
        -:   37:
        -:   38:static struct queue prio_queue[MAXPRIO + 1]; /* blocked queue is [0] */
        -:   39:
        -:   40:
        -:   41:
function main called 1 returned 0% blocks executed 78%
        1:   42:main(argc, argv) /* n3, n2, n1 : # of processes at prio3 ... */
        -:   43:int argc;
        -:   44:char *argv[];
        -:   45:{
        -:   46:    int command, prio;
        -:   47:    float ratio;
        -:   48:    int nprocs, status, pid;
        -:   49:    struct process *process;
        1:   50:    if(argc != MAXPRIO + 1) exit_here(BADNOARGS);
branch  0 taken 0 (fallthrough)
branch  1 taken 1
call    2 never executed
        4:   51:    for(prio = MAXPRIO; prio > 0; prio--)
branch  0 taken 3
branch  1 taken 1 (fallthrough)
        -:   52:    {
        3:   53:	if((nprocs = atoi(argv[MAXPRIO + 1 - prio])) < 0) exit_here(BADARG);
call    0 returned 3
branch  1 taken 0 (fallthrough)
branch  2 taken 3
call    3 never executed
       13:   54:	for(; nprocs > 0; nprocs--)
branch  0 taken 10
branch  1 taken 3 (fallthrough)
        -:   55:	{
       10:   56:	    if(status = new_job(prio)) exit_here(status);
call    0 returned 10
branch  1 taken 0 (fallthrough)
branch  2 taken 10
call    3 never executed
        -:   57:	}
        -:   58:    }
        -:   59:    /* while there are commands, schedule it */
       95:   60:    while((status = get_command(&command, &prio, &ratio)) > 0)
call    0 returned 94
branch  1 taken 93
branch  2 taken 1 (fallthrough)
        -:   61:    {
       93:   62:	schedule(command, prio, ratio);
call    0 returned 93
        -:   63:    }
        1:   64:    if(status < 0) exit_here(status); /* Real bad error */
branch  0 taken 0 (fallthrough)
branch  1 taken 1
call    2 never executed
        1:   65:    exit_here(OK);
call    0 returned 0
        -:   66:}
        -:   67:
        -:   68:int 
function get_command called 94 returned 100% blocks executed 86%
       94:   69:get_command(command, prio, ratio)
        -:   70:    int *command, *prio;
        -:   71:    float *ratio;
        -:   72:{
       94:   73:    int status = OK;
        -:   74:    char buf[CMDSIZE];
       94:   75:    if(fgets(buf, CMDSIZE, stdin))
call    0 returned 94
branch  1 taken 93 (fallthrough)
branch  2 taken 1
        -:   76:    {
       93:   77:	*prio = *command = -1; *ratio =-1.0;
       93:   78:	sscanf(buf, "%d", command);
       93:   79:	switch(*command)
branch  0 taken 18
branch  1 taken 10
branch  2 taken 23
branch  3 taken 42
        -:   80:	{
       18:   81:	  case NEW_JOB :
       18:   82:	    sscanf(buf, "%*s%d", prio);
       18:   83:	    break;
       10:   84:	  case UNBLOCK :
       10:   85:	    sscanf(buf, "%*s%f", ratio);
       10:   86:	    break;
       23:   87:	  case UPGRADE_PRIO :
       23:   88:	    sscanf(buf, "%*s%d%f", prio, ratio);
       23:   89:	    break;
        -:   90:	}
        -:   91:	 /* Find end of  line of input if no EOF */
       93:   92:	while(buf[strlen(buf)-1] != '\n' && fgets(buf, CMDSIZE, stdin));
branch  0 taken 0 (fallthrough)
branch  1 taken 93
call    2 never executed
branch  3 never executed
branch  4 never executed
       93:   93:	return(TRUE);
        -:   94:    }
        1:   95:    else return(FALSE);
        -:   96:}
        -:   97:
function exit_here called 1 returned 0% blocks executed 100%
        1:   98:exit_here(status)
        -:   99:     int status;
        -:  100:{
        1:  101:    exit(abs(status));
        -:  102:}
        -:  103:
        -:  104:
        -:  105:int 
function new_job called 28 returned 100% blocks executed 64%
       28:  106:new_job(prio) /* allocate new pid and process block. Stick at end */
        -:  107:     int prio;
        -:  108:{
       28:  109:    int pid, status = OK;
        -:  110:    struct process *new_process;
       28:  111:    if(prio < 1) return(BADPRIO); /* Mustn't allow 0 */
branch  0 taken 0 (fallthrough)
branch  1 taken 28
       28:  112:    pid = next_pid++;
       28:  113:    new_process = (struct process *) malloc(sizeof(struct process));
       28:  114:    if(!new_process) status = MALLOC_ERR;
branch  0 taken 0 (fallthrough)
branch  1 taken 28
        -:  115:    else
        -:  116:    {
       28:  117:	new_process->pid = pid;
       28:  118:	new_process->priority = prio;
       28:  119:	new_process->next = (struct process *) 0;
       28:  120:	status = enqueue(prio, new_process);
call    0 returned 28
       28:  121:	if(status)
branch  0 taken 0 (fallthrough)
branch  1 taken 28
        -:  122:	{
    #####:  123:	    free(new_process); /* Return process block */
        -:  124:	}
        -:  125:    }
       28:  126:    if(status) next_pid--; /* Unsuccess. Restore pid */
branch  0 taken 0 (fallthrough)
branch  1 taken 28
       28:  127:    return(status);
        -:  128:}
        -:  129:
function upgrade_prio called 23 returned 100% blocks executed 89%
       23:  130:int upgrade_prio(prio, ratio) /* increment priority at ratio in queue */
        -:  131:     int prio;
        -:  132:     float ratio;
        -:  133:{
        -:  134:    int status;
        -:  135:    struct process * job;
       23:  136:    if(prio < 1 || prio > MAXLOPRIO) return(BADPRIO);
branch  0 taken 23 (fallthrough)
branch  1 taken 0
branch  2 taken 0 (fallthrough)
branch  3 taken 23
       23:  137:    if((status = get_process(prio, ratio, &job)) <= 0) return(status);
call    0 returned 23
branch  1 taken 19 (fallthrough)
branch  2 taken 4
        -:  138:    /* We found a job in that queue. Upgrade it */
        4:  139:    job->priority = prio + 1;
        4:  140:    return(enqueue(prio + 1, job));
call    0 returned 4
        -:  141:}
        -:  142:
        -:  143:int
function block called 10 returned 100% blocks executed 100%
       10:  144:block() /* Put current job in blocked queue */
        -:  145:{
        -:  146:    struct process * job;
       10:  147:    job = get_current();
call    0 returned 10
       10:  148:    if(job)
branch  0 taken 7 (fallthrough)
branch  1 taken 3
        -:  149:    {
        7:  150:	current_job = (struct process *)0; /* remove it */
        7:  151:	return(enqueue(BLOCKPRIO, job)); /* put into blocked queue */
call    0 returned 7
        -:  152:    }
        3:  153:    return(OK);
        -:  154:}
        -:  155:
        -:  156:int
function unblock called 10 returned 100% blocks executed 100%
       10:  157:unblock(ratio) /* Restore job @ ratio in blocked queue to its queue */
        -:  158:     float ratio;
        -:  159:{
        -:  160:    int status;
        -:  161:    struct process * job;
       10:  162:    if((status = get_process(BLOCKPRIO, ratio, &job)) <= 0) return(status);
call    0 returned 10
branch  1 taken 5 (fallthrough)
branch  2 taken 5
        -:  163:    /* We found a blocked process. Put it where it belongs. */
        5:  164:    return(enqueue(job->priority, job));
call    0 returned 5
        -:  165:}
        -:  166:
        -:  167:int
function quantum_expire called 15 returned 100% blocks executed 100%
       15:  168:quantum_expire() /* put current job at end of its queue */
        -:  169:{
        -:  170:    struct process * job;
       15:  171:    job = get_current();
call    0 returned 15
       15:  172:    if(job)
branch  0 taken 12 (fallthrough)
branch  1 taken 3
        -:  173:    {
       12:  174:	current_job = (struct process *)0; /* remove it */
       12:  175:	return(enqueue(job->priority, job));
call    0 returned 12
        -:  176:    }
        3:  177:    return(OK);
        -:  178:}
        -:  179:
        -:  180:int
function finish called 32 returned 100% blocks executed 100%
       32:  181:finish() /* Get current job, print it, and zap it. */
        -:  182:{
        -:  183:    struct process * job;
       32:  184:    job = get_current();
call    0 returned 32
       32:  185:    if(job)
branch  0 taken 23 (fallthrough)
branch  1 taken 9
        -:  186:    {
       23:  187:	current_job = (struct process *)0;
       23:  188:	reschedule(0);
call    0 returned 23
       23:  189:	fprintf(stdout, " %d", job->pid);
call    0 returned 23
       23:  190:	free(job);
       23:  191:	return(FALSE);
        -:  192:    }
        9:  193:    else return(TRUE);
        -:  194:}
        -:  195:
        -:  196:int
function flush called 5 returned 100% blocks executed 100%
        5:  197:flush() /* Get all jobs in priority queues & zap them */
        -:  198:{
        5:  199:    while(!finish());
call    0 returned 20
branch  1 taken 15
branch  2 taken 5 (fallthrough)
        5:  200:    fprintf(stdout, "\n");
call    0 returned 5
        5:  201:    return(OK);
        -:  202:}
        -:  203:
        -:  204:struct process * 
function get_current called 136 returned 100% blocks executed 100%
      136:  205:get_current() /* If no current process, get it. Return it */
        -:  206:{
        -:  207:    int prio;
      136:  208:    if(!current_job)
branch  0 taken 74 (fallthrough)
branch  1 taken 62
        -:  209:    {
      203:  210:	for(prio = MAXPRIO; prio > 0; prio--)
branch  0 taken 179
branch  1 taken 24 (fallthrough)
        -:  211:	{ /* find head of highest queue with a process */
      179:  212:	    if(get_process(prio, 0.0, &current_job) > 0) break;
call    0 returned 179
branch  1 taken 50 (fallthrough)
branch  2 taken 129
        -:  213:	}
        -:  214:    }
      136:  215:    return(current_job);
        -:  216:}
        -:  217:
        -:  218:int
function reschedule called 79 returned 100% blocks executed 100%
       79:  219:reschedule(prio) /* Put highest priority job into current_job */
        -:  220:     int prio;
        -:  221:{
       79:  222:    if(current_job && prio > current_job->priority)
branch  0 taken 27 (fallthrough)
branch  1 taken 52
branch  2 taken 7 (fallthrough)
branch  3 taken 20
        -:  223:    {
        7:  224:	put_end(current_job->priority, current_job);
call    0 returned 7
        7:  225:	current_job = (struct process *)0;
        -:  226:    }
       79:  227:    get_current(); /* Reschedule */
call    0 returned 79
       79:  228:    return(OK);
        -:  229:}
        -:  230:
        -:  231:int 
function schedule called 93 returned 100% blocks executed 95%
       93:  232:schedule(command, prio, ratio)
        -:  233:    int command, prio;
        -:  234:    float ratio;
        -:  235:{
       93:  236:    int status = OK;
       93:  237:    switch(command)
branch  0 taken 18
branch  1 taken 15
branch  2 taken 23
branch  3 taken 10
branch  4 taken 10
branch  5 taken 12
branch  6 taken 5
branch  7 taken 0
        -:  238:    {
       18:  239:      case NEW_JOB :
       18:  240:        status = new_job(prio);
call    0 returned 18
       18:  241:	break;
       15:  242:      case QUANTUM_EXPIRE :
       15:  243:        status = quantum_expire();
call    0 returned 15
       15:  244:	break;
       23:  245:      case UPGRADE_PRIO :
       23:  246:        status = upgrade_prio(prio, ratio);
call    0 returned 23
       23:  247:	break;
       10:  248:      case BLOCK :
       10:  249:        status = block();
call    0 returned 10
       10:  250:	break;
       10:  251:      case UNBLOCK :
       10:  252:        status = unblock(ratio);
call    0 returned 10
       10:  253:	break;
       12:  254:      case FINISH :
       12:  255:        finish();
call    0 returned 12
       12:  256:	fprintf(stdout, "\n");
call    0 returned 12
       12:  257:	break;
        5:  258:      case FLUSH :
        5:  259:        status = flush();
call    0 returned 5
        5:  260:	break;
    #####:  261:      default:
    #####:  262:	status = NO_COMMAND;
        -:  263:    }
       93:  264:    return(status);
        -:  265:}
        -:  266:
        -:  267:
        -:  268:
        -:  269:
        -:  270:int 
function put_end called 63 returned 100% blocks executed 88%
       63:  271:put_end(prio, process) /* Put process at end of queue */
        -:  272:     int prio;
        -:  273:     struct process *process;
        -:  274:{
        -:  275:    struct process **next;
       63:  276:    if(prio > MAXPRIO || prio < 0) return(BADPRIO); /* Somebody goofed */
branch  0 taken 63 (fallthrough)
branch  1 taken 0
branch  2 taken 0 (fallthrough)
branch  3 taken 63
        -:  277:     /* find end of queue */
       63:  278:    for(next = &prio_queue[prio].head; *next; next = &(*next)->next);
branch  0 taken 31
branch  1 taken 63 (fallthrough)
       63:  279:    *next = process;
       63:  280:    prio_queue[prio].length++;
       63:  281:    return(OK);
        -:  282:}
        -:  283:
        -:  284:int 
function get_process called 212 returned 100% blocks executed 88%
      212:  285:get_process(prio, ratio, job)
        -:  286:     int prio;
        -:  287:     float ratio;
        -:  288:     struct process ** job;
        -:  289:{
        -:  290:    int length, index;
        -:  291:    struct process **next;
      212:  292:    if(prio > MAXPRIO || prio < 0) return(BADPRIO); /* Somebody goofed */
branch  0 taken 212 (fallthrough)
branch  1 taken 0
branch  2 taken 0 (fallthrough)
branch  3 taken 212
      212:  293:    if(ratio < 0.0 || ratio > 1.0) return(BADRATIO); /* Somebody else goofed */
branch  0 taken 212 (fallthrough)
branch  1 taken 0
branch  2 taken 0 (fallthrough)
branch  3 taken 212
      212:  294:    length = prio_queue[prio].length;
      212:  295:    index = ratio * length;
      212:  296:    index = index >= length ? length -1 : index; /* If ratio == 1.0 */
branch  0 taken 153 (fallthrough)
branch  1 taken 59
      213:  297:    for(next = &prio_queue[prio].head; index && *next; index--)
branch  0 taken 154 (fallthrough)
branch  1 taken 59
branch  2 taken 1
branch  3 taken 153 (fallthrough)
        1:  298:        next = &(*next)->next; /* Count up to it */
      212:  299:    *job = *next;
      212:  300:    if(*job)
branch  0 taken 59 (fallthrough)
branch  1 taken 153
        -:  301:    {
       59:  302:	*next = (*next)->next; /* Mend the chain */
       59:  303:	(*job)->next = (struct process *) 0; /* break this link */
       59:  304:	prio_queue[prio].length--;
       59:  305:	return(TRUE);
        -:  306:    }
      153:  307:    else return(FALSE);
        -:  308:}
