        -:    0:Source:schedule2.c
        -:    0:Graph:schedule2.gcno
        -:    0:Data:schedule2.gcda
        -:    0:Runs:1
        -:    0:Programs:1
        -:    1:
        -:    2:/* $Log: schedule.c,v $
        -:    3: * Revision 1.4  1993/05/04  12:23:58  foster
        -:    4: * Debug stuff removed
        -:    5: *
        -:    6: * Revision 1.3  1993/05/03  20:27:04  foster
        -:    7: * Full Functionality
        -:    8: *
        -:    9: * Revision 1.2  1993/05/03  15:41:01  foster
        -:   10: * Restructure functions
        -:   11: *
        -:   12: * Revision 1.1  1993/05/01  11:38:04  foster
        -:   13: * Initial revision
        -:   14: * */
        -:   15:
        -:   16:#include <stdio.h>
        -:   17:#include "schedule2.h"
        -:   18:
        -:   19:static struct process * current_job;
        -:   20:static int next_pid = 0;
        -:   21:
        -:   22:int
function enqueue called 38 returned 100% blocks executed 80%
       38:   23:enqueue(prio, new_process)
        -:   24:     int prio;
        -:   25:     struct process *new_process;
        -:   26:{
        -:   27:    int status;
       38:   28:    if(status = put_end(prio, new_process)) return(status); /* Error */
call    0 returned 38
branch  1 taken 0 (fallthrough)
branch  2 taken 38
       38:   29:    return(reschedule(prio));
call    0 returned 38
        -:   30:}
        -:   31:
        -:   32:struct queue
        -:   33:{
        -:   34:    int length;
        -:   35:    struct process *head;
        -:   36:};
        -:   37:
        -:   38:static struct queue prio_queue[MAXPRIO + 1]; /* blocked queue is [0] */
        -:   39:
        -:   40:
        -:   41:
function main called 1 returned 0% blocks executed 78%
        1:   42:main(argc, argv) /* n3, n2, n1 : # of processes at prio3 ... */
        -:   43:int argc;
        -:   44:char *argv[];
        -:   45:{
        -:   46:    int command, prio;
        -:   47:    float ratio;
        -:   48:    int nprocs, status, pid;
        -:   49:    struct process *process;
        1:   50:    if(argc != MAXPRIO + 1) exit_here(BADNOARGS);
branch  0 taken 0 (fallthrough)
branch  1 taken 1
call    2 never executed
        4:   51:    for(prio = MAXPRIO; prio > 0; prio--)
branch  0 taken 3
branch  1 taken 1 (fallthrough)
        -:   52:    {
        3:   53:	if((nprocs = atoi(argv[MAXPRIO + 1 - prio])) < 0) exit_here(BADARG);
call    0 returned 3
branch  1 taken 0 (fallthrough)
branch  2 taken 3
call    3 never executed
        7:   54:	for(; nprocs > 0; nprocs--)
branch  0 taken 4
branch  1 taken 3 (fallthrough)
        -:   55:	{
        4:   56:	    if(status = new_job(prio)) exit_here(status);
call    0 returned 4
branch  1 taken 0 (fallthrough)
branch  2 taken 4
call    3 never executed
        -:   57:	}
        -:   58:    }
        -:   59:    /* while there are commands, schedule it */
       99:   60:    while((status = get_command(&command, &prio, &ratio)) > 0)
call    0 returned 98
branch  1 taken 97
branch  2 taken 1 (fallthrough)
        -:   61:    {
       97:   62:	schedule(command, prio, ratio);
call    0 returned 97
        -:   63:    }
        1:   64:    if(status < 0) exit_here(status); /* Real bad error */
branch  0 taken 0 (fallthrough)
branch  1 taken 1
call    2 never executed
        1:   65:    exit_here(OK);
call    0 returned 0
        -:   66:}
        -:   67:
        -:   68:int 
function get_command called 98 returned 100% blocks executed 86%
       98:   69:get_command(command, prio, ratio)
        -:   70:    int *command, *prio;
        -:   71:    float *ratio;
        -:   72:{
       98:   73:    int status = OK;
        -:   74:    char buf[CMDSIZE];
       98:   75:    if(fgets(buf, CMDSIZE, stdin))
call    0 returned 98
branch  1 taken 97 (fallthrough)
branch  2 taken 1
        -:   76:    {
       97:   77:	*prio = *command = -1; *ratio =-1.0;
       97:   78:	sscanf(buf, "%d", command);
       97:   79:	switch(*command)
branch  0 taken 15
branch  1 taken 20
branch  2 taken 12
branch  3 taken 50
        -:   80:	{
       15:   81:	  case NEW_JOB :
       15:   82:	    sscanf(buf, "%*s%d", prio);
       15:   83:	    break;
       20:   84:	  case UNBLOCK :
       20:   85:	    sscanf(buf, "%*s%f", ratio);
       20:   86:	    break;
       12:   87:	  case UPGRADE_PRIO :
       12:   88:	    sscanf(buf, "%*s%d%f", prio, ratio);
       12:   89:	    break;
        -:   90:	}
        -:   91:	 /* Find end of  line of input if no EOF */
       97:   92:	while(buf[strlen(buf)-1] != '\n' && fgets(buf, CMDSIZE, stdin));
branch  0 taken 0 (fallthrough)
branch  1 taken 97
call    2 never executed
branch  3 never executed
branch  4 never executed
       97:   93:	return(TRUE);
        -:   94:    }
        1:   95:    else return(FALSE);
        -:   96:}
        -:   97:
function exit_here called 1 returned 0% blocks executed 100%
        1:   98:exit_here(status)
        -:   99:     int status;
        -:  100:{
        1:  101:    exit(abs(status));
        -:  102:}
        -:  103:
        -:  104:
        -:  105:int 
function new_job called 19 returned 100% blocks executed 67%
       19:  106:new_job(prio) /* allocate new pid and process block. Stick at end */
        -:  107:     int prio;
        -:  108:{
       19:  109:    int pid, status = OK;
        -:  110:    struct process *new_process;
       19:  111:    pid = next_pid++;
       19:  112:    new_process = (struct process *) malloc(sizeof(struct process));
       19:  113:    if(!new_process) status = MALLOC_ERR;
branch  0 taken 0 (fallthrough)
branch  1 taken 19
        -:  114:    else
        -:  115:    {
       19:  116:	new_process->pid = pid;
       19:  117:	new_process->priority = prio;
       19:  118:	new_process->next = (struct process *) 0;
       19:  119:	status = enqueue(prio, new_process);
call    0 returned 19
       19:  120:	if(status)
branch  0 taken 0 (fallthrough)
branch  1 taken 19
        -:  121:	{
    #####:  122:	    free(new_process); /* Return process block */
        -:  123:	}
        -:  124:    }
       19:  125:    if(status) next_pid--; /* Unsuccess. Restore pid */
branch  0 taken 0 (fallthrough)
branch  1 taken 19
       19:  126:    return(status);
        -:  127:}
        -:  128:
function upgrade_prio called 12 returned 100% blocks executed 89%
       12:  129:int upgrade_prio(prio, ratio) /* increment priority at ratio in queue */
        -:  130:     int prio;
        -:  131:     float ratio;
        -:  132:{
        -:  133:    int status;
        -:  134:    struct process * job;
       12:  135:    if(prio < 1 || prio > MAXLOPRIO) return(BADPRIO);
branch  0 taken 12 (fallthrough)
branch  1 taken 0
branch  2 taken 0 (fallthrough)
branch  3 taken 12
       12:  136:    if((status = get_process(prio, ratio, &job)) <= 0) return(status);
call    0 returned 12
branch  1 taken 10 (fallthrough)
branch  2 taken 2
        -:  137:    /* We found a job in that queue. Upgrade it */
        2:  138:    job->priority = prio + 1;
        2:  139:    return(enqueue(prio + 1, job));
call    0 returned 2
        -:  140:}
        -:  141:
        -:  142:int
function block called 21 returned 100% blocks executed 100%
       21:  143:block() /* Put current job in blocked queue */
        -:  144:{
        -:  145:    struct process * job;
       21:  146:    job = get_current();
call    0 returned 21
       21:  147:    if(job)
branch  0 taken 7 (fallthrough)
branch  1 taken 14
        -:  148:    {
        7:  149:	current_job = (struct process *)0; /* remove it */
        7:  150:	return(enqueue(BLOCKPRIO, job)); /* put into blocked queue */
call    0 returned 7
        -:  151:    }
       14:  152:    return(OK);
        -:  153:}
        -:  154:
        -:  155:int
function unblock called 20 returned 100% blocks executed 100%
       20:  156:unblock(ratio) /* Restore job @ ratio in blocked queue to its queue */
        -:  157:     float ratio;
        -:  158:{
        -:  159:    int status;
        -:  160:    struct process * job;
       20:  161:    if((status = get_process(BLOCKPRIO, ratio, &job)) <= 0) return(status);
call    0 returned 20
branch  1 taken 14 (fallthrough)
branch  2 taken 6
        -:  162:    /* We found a blocked process. Put it where it belongs. */
        6:  163:    return(enqueue(job->priority, job));
call    0 returned 6
        -:  164:}
        -:  165:
        -:  166:int
function quantum_expire called 12 returned 100% blocks executed 100%
       12:  167:quantum_expire() /* put current job at end of its queue */
        -:  168:{
        -:  169:    struct process * job;
       12:  170:    job = get_current();
call    0 returned 12
       12:  171:    if(job)
branch  0 taken 4 (fallthrough)
branch  1 taken 8
        -:  172:    {
        4:  173:	current_job = (struct process *)0; /* remove it */
        4:  174:	return(enqueue(job->priority, job));
call    0 returned 4
        -:  175:    }
        8:  176:    return(OK);
        -:  177:}
        -:  178:
        -:  179:int
function finish called 34 returned 100% blocks executed 100%
       34:  180:finish() /* Get current job, print it, and zap it. */
        -:  181:{
        -:  182:    struct process * job;
       34:  183:    job = get_current();
call    0 returned 34
       34:  184:    if(job)
branch  0 taken 18 (fallthrough)
branch  1 taken 16
        -:  185:    {
       18:  186:	current_job = (struct process *)0;
       18:  187:	reschedule(0);
call    0 returned 18
       18:  188:	fprintf(stdout, " %d", job->pid);
call    0 returned 18
       18:  189:	free(job);
       18:  190:	return(FALSE);
        -:  191:    }
       16:  192:    else return(TRUE);
        -:  193:}
        -:  194:
        -:  195:int
function flush called 11 returned 100% blocks executed 100%
       11:  196:flush() /* Get all jobs in priority queues & zap them */
        -:  197:{
       11:  198:    while(!finish());
call    0 returned 28
branch  1 taken 17
branch  2 taken 11 (fallthrough)
       11:  199:    fprintf(stdout, "\n");
call    0 returned 11
       11:  200:    return(OK);
        -:  201:}
        -:  202:
        -:  203:struct process * 
function get_current called 123 returned 100% blocks executed 100%
      123:  204:get_current() /* If no current process, get it. Return it */
        -:  205:{
        -:  206:    int prio;
      123:  207:    if(!current_job)
branch  0 taken 82 (fallthrough)
branch  1 taken 41
        -:  208:    {
      257:  209:	for(prio = MAXPRIO; prio > 0; prio--)
branch  0 taken 205
branch  1 taken 52 (fallthrough)
        -:  210:	{ /* find head of highest queue with a process */
      205:  211:	    if(get_process(prio, 0.0, &current_job) > 0) break;
call    0 returned 205
branch  1 taken 30 (fallthrough)
branch  2 taken 175
        -:  212:	}
        -:  213:    }
      123:  214:    return(current_job);
        -:  215:}
        -:  216:
        -:  217:int
function reschedule called 56 returned 100% blocks executed 100%
       56:  218:reschedule(prio) /* Put highest priority job into current_job */
        -:  219:     int prio;
        -:  220:{
       56:  221:    if(current_job && prio > current_job->priority)
branch  0 taken 13 (fallthrough)
branch  1 taken 43
branch  2 taken 1 (fallthrough)
branch  3 taken 12
        -:  222:    {
        1:  223:	put_end(current_job->priority, current_job);
call    0 returned 1
        1:  224:	current_job = (struct process *)0;
        -:  225:    }
       56:  226:    get_current(); /* Reschedule */
call    0 returned 56
       56:  227:    return(OK);
        -:  228:}
        -:  229:
        -:  230:int 
function schedule called 97 returned 100% blocks executed 95%
       97:  231:schedule(command, prio, ratio)
        -:  232:    int command, prio;
        -:  233:    float ratio;
        -:  234:{
       97:  235:    int status = OK;
       97:  236:    switch(command)
branch  0 taken 15
branch  1 taken 12
branch  2 taken 12
branch  3 taken 21
branch  4 taken 20
branch  5 taken 6
branch  6 taken 11
branch  7 taken 0
        -:  237:    {
       15:  238:      case NEW_JOB :
       15:  239:        status = new_job(prio);
call    0 returned 15
       15:  240:	break;
       12:  241:      case QUANTUM_EXPIRE :
       12:  242:        status = quantum_expire();
call    0 returned 12
       12:  243:	break;
       12:  244:      case UPGRADE_PRIO :
       12:  245:        status = upgrade_prio(prio, ratio);
call    0 returned 12
       12:  246:	break;
       21:  247:      case BLOCK :
       21:  248:        status = block();
call    0 returned 21
       21:  249:	break;
       20:  250:      case UNBLOCK :
       20:  251:        status = unblock(ratio);
call    0 returned 20
       20:  252:	break;
        6:  253:      case FINISH :
        6:  254:        finish();
call    0 returned 6
        6:  255:	fprintf(stdout, "\n");
call    0 returned 6
        6:  256:	break;
       11:  257:      case FLUSH :
       11:  258:        status = flush();
call    0 returned 11
       11:  259:	break;
    #####:  260:      default:
    #####:  261:	status = NO_COMMAND;
        -:  262:    }
       97:  263:    return(status);
        -:  264:}
        -:  265:
        -:  266:
        -:  267:
        -:  268:
        -:  269:int 
function put_end called 39 returned 100% blocks executed 100%
       39:  270:put_end(prio, process) /* Put process at end of queue */
        -:  271:     int prio;
        -:  272:     struct process *process;
        -:  273:{
        -:  274:    struct process **next;
        -:  275:/*     if(prio > MAXPRIO || prio < 0) return(BADPRIO); *//* Somebody goofed */ 
        -:  276:     /* find end of queue */
       39:  277:    for(next = &prio_queue[prio].head; *next; next = &(*next)->next);
branch  0 taken 9
branch  1 taken 39 (fallthrough)
       39:  278:    *next = process;
       39:  279:    prio_queue[prio].length++;
       39:  280:    return(OK);
        -:  281:}
        -:  282:
        -:  283:int 
function get_process called 237 returned 100% blocks executed 82%
      237:  284:get_process(prio, ratio, job)
        -:  285:     int prio;
        -:  286:     float ratio;
        -:  287:     struct process ** job;
        -:  288:{
        -:  289:    int length, index;
        -:  290:    struct process **next;
      237:  291:    if(prio > MAXPRIO || prio < 0) return(BADPRIO); /* Somebody goofed */
branch  0 taken 237 (fallthrough)
branch  1 taken 0
branch  2 taken 0 (fallthrough)
branch  3 taken 237
      237:  292:    if(ratio < 0.0 || ratio > 1.0) return(BADRATIO); /* Somebody else goofed */
branch  0 taken 237 (fallthrough)
branch  1 taken 0
branch  2 taken 0 (fallthrough)
branch  3 taken 237
      237:  293:    length = prio_queue[prio].length;
      237:  294:    index = ratio * length;
      237:  295:    index = index >= length ? length -1 : index; /* If ratio == 1.0 */
branch  0 taken 199 (fallthrough)
branch  1 taken 38
      237:  296:    for(next = &prio_queue[prio].head; index && *next; index--)
branch  0 taken 199 (fallthrough)
branch  1 taken 38
branch  2 taken 0
branch  3 taken 199 (fallthrough)
    #####:  297:        next = &(*next)->next; /* Count up to it */
      237:  298:    *job = *next;
      237:  299:    if(*job)
branch  0 taken 38 (fallthrough)
branch  1 taken 199
        -:  300:    {
       38:  301:	*next = (*next)->next; /* Mend the chain */
       38:  302:	(*job)->next = (struct process *) 0; /* break this link */
       38:  303:	prio_queue[prio].length--;
       38:  304:	return(TRUE);
        -:  305:    }
      199:  306:    else return(FALSE);
        -:  307:}
